{"/Users/suren/workspace/curity/ps-work/internal-projects/saml-stuff/saml-web-client-diagnostic/server/app.ts": {"path":"/Users/suren/workspace/curity/ps-work/internal-projects/saml-stuff/saml-web-client-diagnostic/server/app.ts","all":false,"statementMap":{"0":{"start":{"line":1,"column":0},"end":{"line":1,"column":48}},"1":{"start":{"line":2,"column":0},"end":{"line":2,"column":38}},"2":{"start":{"line":3,"column":0},"end":{"line":3,"column":32}},"3":{"start":{"line":4,"column":0},"end":{"line":4,"column":37}},"4":{"start":{"line":5,"column":0},"end":{"line":5,"column":41}},"5":{"start":{"line":6,"column":0},"end":{"line":6,"column":24}},"7":{"start":{"line":8,"column":0},"end":{"line":8,"column":36}},"8":{"start":{"line":9,"column":0},"end":{"line":9,"column":51}},"9":{"start":{"line":10,"column":0},"end":{"line":10,"column":47}},"10":{"start":{"line":11,"column":0},"end":{"line":11,"column":53}},"16":{"start":{"line":17,"column":0},"end":{"line":17,"column":38}},"17":{"start":{"line":18,"column":0},"end":{"line":18,"column":24}},"19":{"start":{"line":20,"column":0},"end":{"line":20,"column":66}},"20":{"start":{"line":21,"column":0},"end":{"line":21,"column":29}},"21":{"start":{"line":22,"column":0},"end":{"line":22,"column":53}},"22":{"start":{"line":23,"column":0},"end":{"line":23,"column":26}},"23":{"start":{"line":24,"column":0},"end":{"line":24,"column":10}},"24":{"start":{"line":25,"column":0},"end":{"line":25,"column":13}},"25":{"start":{"line":26,"column":0},"end":{"line":26,"column":33}},"26":{"start":{"line":27,"column":0},"end":{"line":27,"column":20}},"27":{"start":{"line":28,"column":0},"end":{"line":28,"column":31}},"28":{"start":{"line":29,"column":0},"end":{"line":29,"column":15}},"29":{"start":{"line":30,"column":0},"end":{"line":30,"column":62}},"30":{"start":{"line":31,"column":0},"end":{"line":31,"column":47}},"31":{"start":{"line":32,"column":0},"end":{"line":32,"column":7}},"32":{"start":{"line":33,"column":0},"end":{"line":33,"column":6}},"33":{"start":{"line":34,"column":0},"end":{"line":34,"column":4}},"34":{"start":{"line":35,"column":0},"end":{"line":35,"column":33}},"35":{"start":{"line":36,"column":0},"end":{"line":36,"column":30}},"37":{"start":{"line":38,"column":0},"end":{"line":38,"column":59}},"38":{"start":{"line":39,"column":0},"end":{"line":39,"column":75}},"40":{"start":{"line":41,"column":0},"end":{"line":41,"column":36}},"41":{"start":{"line":42,"column":0},"end":{"line":42,"column":49}},"42":{"start":{"line":43,"column":0},"end":{"line":43,"column":35}},"44":{"start":{"line":45,"column":0},"end":{"line":45,"column":13}},"45":{"start":{"line":46,"column":0},"end":{"line":46,"column":1}}},"s":{"0":1,"1":1,"2":1,"3":1,"4":1,"5":1,"7":1,"8":1,"9":1,"10":1,"16":1,"17":1,"19":1,"20":1,"21":1,"22":1,"23":1,"24":1,"25":1,"26":1,"27":1,"28":1,"29":1,"30":1,"31":1,"32":1,"33":1,"34":1,"35":1,"37":1,"38":1,"40":1,"41":1,"42":1,"44":1,"45":1},"branchMap":{"0":{"type":"branch","line":17,"loc":{"start":{"line":17,"column":7},"end":{"line":46,"column":1}},"locations":[{"start":{"line":17,"column":7},"end":{"line":46,"column":1}}]}},"b":{"0":[1]},"fnMap":{"0":{"name":"createApp","decl":{"start":{"line":17,"column":7},"end":{"line":46,"column":1}},"loc":{"start":{"line":17,"column":7},"end":{"line":46,"column":1}},"line":17}},"f":{"0":1}}
,"/Users/suren/workspace/curity/ps-work/internal-projects/saml-stuff/saml-web-client-diagnostic/server/index.ts": {"path":"/Users/suren/workspace/curity/ps-work/internal-projects/saml-stuff/saml-web-client-diagnostic/server/index.ts","all":true,"statementMap":{"0":{"start":{"line":1,"column":0},"end":{"line":1,"column":23}},"2":{"start":{"line":3,"column":0},"end":{"line":3,"column":36}},"3":{"start":{"line":4,"column":0},"end":{"line":4,"column":34}},"4":{"start":{"line":5,"column":0},"end":{"line":5,"column":76}},"5":{"start":{"line":6,"column":0},"end":{"line":6,"column":54}},"6":{"start":{"line":7,"column":0},"end":{"line":7,"column":55}},"7":{"start":{"line":8,"column":0},"end":{"line":8,"column":33}},"9":{"start":{"line":10,"column":0},"end":{"line":10,"column":38}},"10":{"start":{"line":11,"column":0},"end":{"line":11,"column":26}},"11":{"start":{"line":12,"column":0},"end":{"line":12,"column":26}},"13":{"start":{"line":14,"column":0},"end":{"line":14,"column":40}},"14":{"start":{"line":15,"column":0},"end":{"line":15,"column":76}},"15":{"start":{"line":16,"column":0},"end":{"line":16,"column":36}},"17":{"start":{"line":18,"column":0},"end":{"line":18,"column":26}},"18":{"start":{"line":19,"column":0},"end":{"line":19,"column":30}},"19":{"start":{"line":20,"column":0},"end":{"line":20,"column":87}},"20":{"start":{"line":21,"column":0},"end":{"line":21,"column":83}},"21":{"start":{"line":22,"column":0},"end":{"line":22,"column":16}},"22":{"start":{"line":23,"column":0},"end":{"line":23,"column":86}},"23":{"start":{"line":24,"column":0},"end":{"line":24,"column":6}},"24":{"start":{"line":25,"column":0},"end":{"line":25,"column":5}},"25":{"start":{"line":26,"column":0},"end":{"line":26,"column":1}},"27":{"start":{"line":28,"column":0},"end":{"line":28,"column":23}},"28":{"start":{"line":29,"column":0},"end":{"line":29,"column":47}},"29":{"start":{"line":30,"column":0},"end":{"line":30,"column":18}},"30":{"start":{"line":31,"column":0},"end":{"line":31,"column":3}}},"s":{"0":0,"2":0,"3":0,"4":0,"5":0,"6":0,"7":0,"9":0,"10":0,"11":0,"13":0,"14":0,"15":0,"17":0,"18":0,"19":0,"20":0,"21":0,"22":0,"23":0,"24":0,"25":0,"27":0,"28":0,"29":0,"30":0},"branchMap":{"0":{"type":"branch","line":1,"loc":{"start":{"line":1,"column":0},"end":{"line":31,"column":-510}},"locations":[{"start":{"line":1,"column":0},"end":{"line":31,"column":-510}}]}},"b":{"0":[0]},"fnMap":{"0":{"name":"(empty-report)","decl":{"start":{"line":1,"column":0},"end":{"line":31,"column":-510}},"loc":{"start":{"line":1,"column":0},"end":{"line":31,"column":-510}},"line":1}},"f":{"0":0}}
,"/Users/suren/workspace/curity/ps-work/internal-projects/saml-stuff/saml-web-client-diagnostic/server/state.ts": {"path":"/Users/suren/workspace/curity/ps-work/internal-projects/saml-stuff/saml-web-client-diagnostic/server/state.ts","all":false,"statementMap":{"15":{"start":{"line":16,"column":0},"end":{"line":16,"column":25}},"16":{"start":{"line":17,"column":0},"end":{"line":17,"column":19}},"17":{"start":{"line":18,"column":0},"end":{"line":18,"column":25}},"18":{"start":{"line":19,"column":0},"end":{"line":19,"column":2}},"20":{"start":{"line":21,"column":0},"end":{"line":21,"column":86}},"21":{"start":{"line":22,"column":0},"end":{"line":22,"column":28}},"22":{"start":{"line":23,"column":0},"end":{"line":23,"column":38}},"23":{"start":{"line":24,"column":0},"end":{"line":24,"column":1}},"25":{"start":{"line":26,"column":0},"end":{"line":26,"column":60}},"26":{"start":{"line":27,"column":0},"end":{"line":27,"column":26}},"27":{"start":{"line":28,"column":0},"end":{"line":28,"column":1}},"29":{"start":{"line":30,"column":0},"end":{"line":30,"column":45}},"30":{"start":{"line":31,"column":0},"end":{"line":31,"column":32}},"31":{"start":{"line":32,"column":0},"end":{"line":32,"column":1}}},"s":{"15":1,"16":1,"17":1,"18":1,"20":1,"21":1,"22":1,"23":1,"25":1,"26":5,"27":5,"29":1,"30":1,"31":1},"branchMap":{"0":{"type":"branch","line":21,"loc":{"start":{"line":21,"column":7},"end":{"line":24,"column":1}},"locations":[{"start":{"line":21,"column":7},"end":{"line":24,"column":1}}]},"1":{"type":"branch","line":26,"loc":{"start":{"line":26,"column":7},"end":{"line":28,"column":1}},"locations":[{"start":{"line":26,"column":7},"end":{"line":28,"column":1}}]},"2":{"type":"branch","line":30,"loc":{"start":{"line":30,"column":7},"end":{"line":32,"column":1}},"locations":[{"start":{"line":30,"column":7},"end":{"line":32,"column":1}}]}},"b":{"0":[1],"1":[5],"2":[1]},"fnMap":{"0":{"name":"setSamlConfig","decl":{"start":{"line":21,"column":7},"end":{"line":24,"column":1}},"loc":{"start":{"line":21,"column":7},"end":{"line":24,"column":1}},"line":21},"1":{"name":"getSamlConfig","decl":{"start":{"line":26,"column":7},"end":{"line":28,"column":1}},"loc":{"start":{"line":26,"column":7},"end":{"line":28,"column":1}},"line":26},"2":{"name":"isSamlConfigured","decl":{"start":{"line":30,"column":7},"end":{"line":32,"column":1}},"loc":{"start":{"line":30,"column":7},"end":{"line":32,"column":1}},"line":30}},"f":{"0":1,"1":5,"2":1}}
,"/Users/suren/workspace/curity/ps-work/internal-projects/saml-stuff/saml-web-client-diagnostic/server/config/bootstrap.ts": {"path":"/Users/suren/workspace/curity/ps-work/internal-projects/saml-stuff/saml-web-client-diagnostic/server/config/bootstrap.ts","all":true,"statementMap":{"0":{"start":{"line":1,"column":0},"end":{"line":1,"column":29}},"1":{"start":{"line":2,"column":0},"end":{"line":2,"column":64}},"2":{"start":{"line":3,"column":0},"end":{"line":3,"column":54}},"9":{"start":{"line":10,"column":0},"end":{"line":10,"column":56}},"10":{"start":{"line":11,"column":0},"end":{"line":11,"column":40}},"11":{"start":{"line":12,"column":0},"end":{"line":12,"column":19}},"13":{"start":{"line":14,"column":0},"end":{"line":14,"column":7}},"14":{"start":{"line":15,"column":0},"end":{"line":15,"column":57}},"15":{"start":{"line":16,"column":0},"end":{"line":16,"column":41}},"16":{"start":{"line":17,"column":0},"end":{"line":17,"column":51}},"17":{"start":{"line":18,"column":0},"end":{"line":18,"column":73}},"19":{"start":{"line":20,"column":0},"end":{"line":20,"column":80}},"20":{"start":{"line":21,"column":0},"end":{"line":21,"column":61}},"22":{"start":{"line":23,"column":0},"end":{"line":23,"column":56}},"23":{"start":{"line":24,"column":0},"end":{"line":24,"column":89}},"24":{"start":{"line":25,"column":0},"end":{"line":25,"column":17}},"25":{"start":{"line":26,"column":0},"end":{"line":26,"column":69}},"26":{"start":{"line":27,"column":0},"end":{"line":27,"column":69}},"27":{"start":{"line":28,"column":0},"end":{"line":28,"column":70}},"28":{"start":{"line":29,"column":0},"end":{"line":29,"column":3}},"29":{"start":{"line":30,"column":0},"end":{"line":30,"column":1}},"35":{"start":{"line":36,"column":0},"end":{"line":36,"column":47}},"36":{"start":{"line":37,"column":0},"end":{"line":37,"column":7}},"37":{"start":{"line":38,"column":0},"end":{"line":38,"column":35}},"38":{"start":{"line":39,"column":0},"end":{"line":39,"column":25}},"39":{"start":{"line":40,"column":0},"end":{"line":40,"column":68}},"40":{"start":{"line":41,"column":0},"end":{"line":41,"column":46}},"41":{"start":{"line":42,"column":0},"end":{"line":42,"column":47}},"42":{"start":{"line":43,"column":0},"end":{"line":43,"column":18}},"43":{"start":{"line":44,"column":0},"end":{"line":44,"column":114}},"44":{"start":{"line":45,"column":0},"end":{"line":45,"column":8}},"45":{"start":{"line":46,"column":0},"end":{"line":46,"column":5}},"46":{"start":{"line":47,"column":0},"end":{"line":47,"column":15}},"47":{"start":{"line":48,"column":0},"end":{"line":48,"column":63}},"48":{"start":{"line":49,"column":0},"end":{"line":49,"column":75}},"49":{"start":{"line":50,"column":0},"end":{"line":50,"column":3}},"50":{"start":{"line":51,"column":0},"end":{"line":51,"column":1}}},"s":{"0":0,"1":0,"2":0,"9":0,"10":0,"11":0,"13":0,"14":0,"15":0,"16":0,"17":0,"19":0,"20":0,"22":0,"23":0,"24":0,"25":0,"26":0,"27":0,"28":0,"29":0,"35":0,"36":0,"37":0,"38":0,"39":0,"40":0,"41":0,"42":0,"43":0,"44":0,"45":0,"46":0,"47":0,"48":0,"49":0,"50":0},"branchMap":{"0":{"type":"branch","line":1,"loc":{"start":{"line":1,"column":1927},"end":{"line":51,"column":1}},"locations":[{"start":{"line":1,"column":1927},"end":{"line":51,"column":1}}]}},"b":{"0":[0]},"fnMap":{"0":{"name":"(empty-report)","decl":{"start":{"line":1,"column":1927},"end":{"line":51,"column":1}},"loc":{"start":{"line":1,"column":1927},"end":{"line":51,"column":1}},"line":1}},"f":{"0":0}}
,"/Users/suren/workspace/curity/ps-work/internal-projects/saml-stuff/saml-web-client-diagnostic/server/config/env.ts": {"path":"/Users/suren/workspace/curity/ps-work/internal-projects/saml-stuff/saml-web-client-diagnostic/server/config/env.ts","all":false,"statementMap":{"6":{"start":{"line":7,"column":0},"end":{"line":7,"column":61}},"7":{"start":{"line":8,"column":0},"end":{"line":8,"column":37}},"8":{"start":{"line":9,"column":0},"end":{"line":9,"column":61}},"9":{"start":{"line":10,"column":0},"end":{"line":10,"column":90}},"12":{"start":{"line":13,"column":0},"end":{"line":13,"column":51}},"13":{"start":{"line":14,"column":0},"end":{"line":14,"column":44}},"14":{"start":{"line":15,"column":0},"end":{"line":15,"column":50}},"15":{"start":{"line":16,"column":0},"end":{"line":16,"column":43}},"16":{"start":{"line":17,"column":0},"end":{"line":17,"column":78}},"17":{"start":{"line":18,"column":0},"end":{"line":18,"column":53}},"18":{"start":{"line":19,"column":0},"end":{"line":19,"column":55}},"19":{"start":{"line":20,"column":0},"end":{"line":20,"column":58}},"20":{"start":{"line":21,"column":0},"end":{"line":21,"column":51}},"22":{"start":{"line":23,"column":0},"end":{"line":23,"column":37}},"23":{"start":{"line":24,"column":0},"end":{"line":24,"column":73}},"24":{"start":{"line":25,"column":0},"end":{"line":25,"column":43}},"25":{"start":{"line":26,"column":0},"end":{"line":26,"column":79}}},"s":{"6":1,"7":1,"8":1,"9":1,"12":1,"13":1,"14":1,"15":1,"16":1,"17":1,"18":1,"19":1,"20":1,"22":1,"23":1,"24":1,"25":1},"branchMap":{"0":{"type":"branch","line":9,"loc":{"start":{"line":9,"column":14},"end":{"line":9,"column":61}},"locations":[{"start":{"line":9,"column":14},"end":{"line":9,"column":61}}]},"1":{"type":"branch","line":16,"loc":{"start":{"line":16,"column":14},"end":{"line":16,"column":43}},"locations":[{"start":{"line":16,"column":14},"end":{"line":16,"column":43}}]},"2":{"type":"branch","line":17,"loc":{"start":{"line":17,"column":56},"end":{"line":17,"column":78}},"locations":[{"start":{"line":17,"column":56},"end":{"line":17,"column":78}}]}},"b":{"0":[6],"1":[2],"2":[4]},"fnMap":{},"f":{}}
,"/Users/suren/workspace/curity/ps-work/internal-projects/saml-stuff/saml-web-client-diagnostic/server/config/samlConfig.ts": {"path":"/Users/suren/workspace/curity/ps-work/internal-projects/saml-stuff/saml-web-client-diagnostic/server/config/samlConfig.ts","all":false,"statementMap":{"0":{"start":{"line":1,"column":0},"end":{"line":1,"column":29}},"8":{"start":{"line":9,"column":0},"end":{"line":9,"column":31}},"9":{"start":{"line":10,"column":0},"end":{"line":10,"column":78}},"33":{"start":{"line":34,"column":0},"end":{"line":34,"column":52}},"34":{"start":{"line":35,"column":0},"end":{"line":35,"column":54}},"35":{"start":{"line":36,"column":0},"end":{"line":36,"column":41}},"36":{"start":{"line":37,"column":0},"end":{"line":37,"column":63}},"37":{"start":{"line":38,"column":0},"end":{"line":38,"column":47}},"38":{"start":{"line":39,"column":0},"end":{"line":39,"column":77}},"40":{"start":{"line":41,"column":0},"end":{"line":41,"column":42}},"41":{"start":{"line":42,"column":0},"end":{"line":42,"column":72}},"42":{"start":{"line":43,"column":0},"end":{"line":43,"column":31}},"43":{"start":{"line":44,"column":0},"end":{"line":44,"column":42}},"44":{"start":{"line":45,"column":0},"end":{"line":45,"column":59}},"45":{"start":{"line":46,"column":0},"end":{"line":46,"column":46}},"46":{"start":{"line":47,"column":0},"end":{"line":47,"column":49}},"47":{"start":{"line":48,"column":0},"end":{"line":48,"column":66}},"48":{"start":{"line":49,"column":0},"end":{"line":49,"column":44}},"49":{"start":{"line":50,"column":0},"end":{"line":50,"column":27}},"50":{"start":{"line":51,"column":0},"end":{"line":51,"column":28}},"51":{"start":{"line":52,"column":0},"end":{"line":52,"column":39}},"52":{"start":{"line":53,"column":0},"end":{"line":53,"column":22}},"53":{"start":{"line":54,"column":0},"end":{"line":54,"column":34}},"54":{"start":{"line":55,"column":0},"end":{"line":55,"column":40}},"55":{"start":{"line":56,"column":0},"end":{"line":56,"column":4}},"57":{"start":{"line":58,"column":0},"end":{"line":58,"column":71}},"58":{"start":{"line":59,"column":0},"end":{"line":59,"column":1}}},"s":{"0":1,"8":1,"9":1,"33":1,"34":6,"35":6,"36":6,"37":6,"38":6,"40":6,"41":6,"42":6,"43":6,"44":6,"45":6,"46":6,"47":6,"48":6,"49":6,"50":6,"51":6,"52":6,"53":6,"54":6,"55":6,"57":6,"58":6},"branchMap":{"0":{"type":"branch","line":34,"loc":{"start":{"line":34,"column":7},"end":{"line":59,"column":1}},"locations":[{"start":{"line":34,"column":7},"end":{"line":59,"column":1}}]},"1":{"type":"branch","line":38,"loc":{"start":{"line":38,"column":21},"end":{"line":38,"column":47}},"locations":[{"start":{"line":38,"column":21},"end":{"line":38,"column":47}}]},"2":{"type":"branch","line":39,"loc":{"start":{"line":39,"column":30},"end":{"line":39,"column":77}},"locations":[{"start":{"line":39,"column":30},"end":{"line":39,"column":77}}]},"3":{"type":"branch","line":39,"loc":{"start":{"line":39,"column":45},"end":{"line":39,"column":77}},"locations":[{"start":{"line":39,"column":45},"end":{"line":39,"column":77}}]},"4":{"type":"branch","line":42,"loc":{"start":{"line":42,"column":16},"end":{"line":42,"column":72}},"locations":[{"start":{"line":42,"column":16},"end":{"line":42,"column":72}}]},"5":{"type":"branch","line":45,"loc":{"start":{"line":45,"column":13},"end":{"line":45,"column":42}},"locations":[{"start":{"line":45,"column":13},"end":{"line":45,"column":42}}]},"6":{"type":"branch","line":45,"loc":{"start":{"line":45,"column":24},"end":{"line":45,"column":59}},"locations":[{"start":{"line":45,"column":24},"end":{"line":45,"column":59}}]},"7":{"type":"branch","line":48,"loc":{"start":{"line":48,"column":26},"end":{"line":48,"column":57}},"locations":[{"start":{"line":48,"column":26},"end":{"line":48,"column":57}}]},"8":{"type":"branch","line":48,"loc":{"start":{"line":48,"column":47},"end":{"line":48,"column":66}},"locations":[{"start":{"line":48,"column":47},"end":{"line":48,"column":66}}]}},"b":{"0":[6],"1":[3],"2":[5],"3":[3],"4":[1],"5":[2],"6":[4],"7":[2],"8":[4]},"fnMap":{"0":{"name":"buildSamlConfig","decl":{"start":{"line":34,"column":7},"end":{"line":59,"column":1}},"loc":{"start":{"line":34,"column":7},"end":{"line":59,"column":1}},"line":34}},"f":{"0":6}}
,"/Users/suren/workspace/curity/ps-work/internal-projects/saml-stuff/saml-web-client-diagnostic/server/lib/httpClient.ts": {"path":"/Users/suren/workspace/curity/ps-work/internal-projects/saml-stuff/saml-web-client-diagnostic/server/lib/httpClient.ts","all":false,"statementMap":{"0":{"start":{"line":1,"column":0},"end":{"line":1,"column":34}},"1":{"start":{"line":2,"column":0},"end":{"line":2,"column":36}},"8":{"start":{"line":9,"column":0},"end":{"line":9,"column":57}},"9":{"start":{"line":10,"column":0},"end":{"line":10,"column":43}},"10":{"start":{"line":11,"column":0},"end":{"line":11,"column":58}},"11":{"start":{"line":12,"column":0},"end":{"line":12,"column":10}},"12":{"start":{"line":13,"column":0},"end":{"line":13,"column":57}},"13":{"start":{"line":14,"column":0},"end":{"line":14,"column":22}},"14":{"start":{"line":15,"column":0},"end":{"line":15,"column":52}},"15":{"start":{"line":16,"column":0},"end":{"line":16,"column":35}},"16":{"start":{"line":17,"column":0},"end":{"line":17,"column":11}},"17":{"start":{"line":18,"column":0},"end":{"line":18,"column":29}},"18":{"start":{"line":19,"column":0},"end":{"line":19,"column":39}},"19":{"start":{"line":20,"column":0},"end":{"line":20,"column":26}},"20":{"start":{"line":21,"column":0},"end":{"line":21,"column":18}},"21":{"start":{"line":22,"column":0},"end":{"line":22,"column":56}},"22":{"start":{"line":23,"column":0},"end":{"line":23,"column":11}},"23":{"start":{"line":24,"column":0},"end":{"line":24,"column":11}},"24":{"start":{"line":25,"column":0},"end":{"line":25,"column":8}},"25":{"start":{"line":26,"column":0},"end":{"line":26,"column":27}},"26":{"start":{"line":27,"column":0},"end":{"line":27,"column":5}},"27":{"start":{"line":28,"column":0},"end":{"line":28,"column":1}},"33":{"start":{"line":34,"column":0},"end":{"line":34,"column":26}},"34":{"start":{"line":35,"column":0},"end":{"line":35,"column":14}},"35":{"start":{"line":36,"column":0},"end":{"line":36,"column":51}},"36":{"start":{"line":37,"column":0},"end":{"line":37,"column":29}},"37":{"start":{"line":38,"column":0},"end":{"line":38,"column":35}},"38":{"start":{"line":39,"column":0},"end":{"line":39,"column":58}},"39":{"start":{"line":40,"column":0},"end":{"line":40,"column":26}},"40":{"start":{"line":41,"column":0},"end":{"line":41,"column":48}},"41":{"start":{"line":42,"column":0},"end":{"line":42,"column":28}},"42":{"start":{"line":43,"column":0},"end":{"line":43,"column":23}},"43":{"start":{"line":44,"column":0},"end":{"line":44,"column":20}},"44":{"start":{"line":45,"column":0},"end":{"line":45,"column":6}},"46":{"start":{"line":47,"column":0},"end":{"line":47,"column":31}},"47":{"start":{"line":48,"column":0},"end":{"line":48,"column":10}},"48":{"start":{"line":49,"column":0},"end":{"line":49,"column":72}},"49":{"start":{"line":50,"column":0},"end":{"line":50,"column":16}},"50":{"start":{"line":51,"column":0},"end":{"line":51,"column":21}},"51":{"start":{"line":52,"column":0},"end":{"line":52,"column":65}},"52":{"start":{"line":53,"column":0},"end":{"line":53,"column":7}},"53":{"start":{"line":54,"column":0},"end":{"line":54,"column":6}},"54":{"start":{"line":55,"column":0},"end":{"line":55,"column":29}},"55":{"start":{"line":56,"column":0},"end":{"line":56,"column":20}},"56":{"start":{"line":57,"column":0},"end":{"line":57,"column":55}},"57":{"start":{"line":58,"column":0},"end":{"line":58,"column":7}},"58":{"start":{"line":59,"column":0},"end":{"line":59,"column":80}},"59":{"start":{"line":60,"column":0},"end":{"line":60,"column":14}},"60":{"start":{"line":61,"column":0},"end":{"line":61,"column":5}},"61":{"start":{"line":62,"column":0},"end":{"line":62,"column":1}}},"s":{"0":1,"1":1,"8":1,"9":0,"10":0,"11":0,"12":0,"13":0,"14":0,"15":0,"16":0,"17":0,"18":0,"19":0,"20":0,"21":0,"22":0,"23":0,"24":0,"25":0,"26":0,"27":0,"33":1,"34":0,"35":0,"36":0,"37":0,"38":0,"39":0,"40":0,"41":0,"42":0,"43":0,"44":0,"46":0,"47":0,"48":0,"49":0,"50":0,"51":0,"52":0,"53":0,"54":0,"55":0,"56":0,"57":0,"58":0,"59":0,"60":0,"61":0},"branchMap":{},"b":{},"fnMap":{"0":{"name":"fetchText","decl":{"start":{"line":9,"column":7},"end":{"line":28,"column":1}},"loc":{"start":{"line":9,"column":7},"end":{"line":28,"column":1}},"line":9},"1":{"name":"headCheck","decl":{"start":{"line":34,"column":7},"end":{"line":62,"column":1}},"loc":{"start":{"line":34,"column":7},"end":{"line":62,"column":1}},"line":34}},"f":{"0":0,"1":0}}
,"/Users/suren/workspace/curity/ps-work/internal-projects/saml-stuff/saml-web-client-diagnostic/server/routes/diagnostic.ts": {"path":"/Users/suren/workspace/curity/ps-work/internal-projects/saml-stuff/saml-web-client-diagnostic/server/routes/diagnostic.ts","all":false,"statementMap":{"0":{"start":{"line":1,"column":0},"end":{"line":1,"column":33}},"1":{"start":{"line":2,"column":0},"end":{"line":2,"column":44}},"2":{"start":{"line":3,"column":0},"end":{"line":3,"column":68}},"3":{"start":{"line":4,"column":0},"end":{"line":4,"column":46}},"4":{"start":{"line":5,"column":0},"end":{"line":5,"column":53}},"5":{"start":{"line":6,"column":0},"end":{"line":6,"column":34}},"6":{"start":{"line":7,"column":0},"end":{"line":7,"column":56}},"8":{"start":{"line":9,"column":0},"end":{"line":9,"column":24}},"10":{"start":{"line":11,"column":0},"end":{"line":11,"column":37}},"11":{"start":{"line":12,"column":0},"end":{"line":12,"column":43}},"12":{"start":{"line":13,"column":0},"end":{"line":13,"column":12}},"13":{"start":{"line":14,"column":0},"end":{"line":14,"column":17}},"14":{"start":{"line":15,"column":0},"end":{"line":15,"column":40}},"15":{"start":{"line":16,"column":0},"end":{"line":16,"column":41}},"16":{"start":{"line":17,"column":0},"end":{"line":17,"column":13}},"17":{"start":{"line":18,"column":0},"end":{"line":18,"column":41}},"18":{"start":{"line":19,"column":0},"end":{"line":19,"column":33}},"19":{"start":{"line":20,"column":0},"end":{"line":20,"column":43}},"20":{"start":{"line":21,"column":0},"end":{"line":21,"column":36}},"21":{"start":{"line":22,"column":0},"end":{"line":22,"column":5}},"22":{"start":{"line":23,"column":0},"end":{"line":23,"column":5}},"23":{"start":{"line":24,"column":0},"end":{"line":24,"column":3}},"25":{"start":{"line":26,"column":0},"end":{"line":26,"column":38}},"26":{"start":{"line":27,"column":0},"end":{"line":27,"column":12}},"27":{"start":{"line":28,"column":0},"end":{"line":28,"column":41}},"28":{"start":{"line":29,"column":0},"end":{"line":29,"column":26}},"29":{"start":{"line":30,"column":0},"end":{"line":30,"column":5}},"30":{"start":{"line":31,"column":0},"end":{"line":31,"column":3}},"32":{"start":{"line":33,"column":0},"end":{"line":33,"column":47}},"33":{"start":{"line":34,"column":0},"end":{"line":34,"column":55}},"34":{"start":{"line":35,"column":0},"end":{"line":35,"column":73}},"35":{"start":{"line":36,"column":0},"end":{"line":36,"column":61}},"36":{"start":{"line":37,"column":0},"end":{"line":37,"column":11}},"37":{"start":{"line":38,"column":0},"end":{"line":38,"column":3}},"38":{"start":{"line":39,"column":0},"end":{"line":39,"column":40}},"39":{"start":{"line":40,"column":0},"end":{"line":40,"column":3}},"41":{"start":{"line":42,"column":0},"end":{"line":42,"column":37}},"42":{"start":{"line":43,"column":0},"end":{"line":43,"column":43}},"43":{"start":{"line":44,"column":0},"end":{"line":44,"column":12}},"44":{"start":{"line":45,"column":0},"end":{"line":45,"column":39}},"45":{"start":{"line":46,"column":0},"end":{"line":46,"column":31}},"46":{"start":{"line":47,"column":0},"end":{"line":47,"column":41}},"47":{"start":{"line":48,"column":0},"end":{"line":48,"column":78}},"48":{"start":{"line":49,"column":0},"end":{"line":49,"column":50}},"49":{"start":{"line":50,"column":0},"end":{"line":50,"column":5}},"50":{"start":{"line":51,"column":0},"end":{"line":51,"column":3}},"59":{"start":{"line":60,"column":0},"end":{"line":60,"column":38}},"60":{"start":{"line":61,"column":0},"end":{"line":61,"column":43}},"61":{"start":{"line":62,"column":0},"end":{"line":62,"column":20}},"62":{"start":{"line":63,"column":0},"end":{"line":63,"column":67}},"63":{"start":{"line":64,"column":0},"end":{"line":64,"column":11}},"64":{"start":{"line":65,"column":0},"end":{"line":65,"column":3}},"65":{"start":{"line":66,"column":0},"end":{"line":66,"column":81}},"66":{"start":{"line":67,"column":0},"end":{"line":67,"column":53}},"67":{"start":{"line":68,"column":0},"end":{"line":68,"column":41}},"68":{"start":{"line":69,"column":0},"end":{"line":69,"column":56}},"69":{"start":{"line":70,"column":0},"end":{"line":70,"column":38}},"70":{"start":{"line":71,"column":0},"end":{"line":71,"column":50}},"71":{"start":{"line":72,"column":0},"end":{"line":72,"column":3}},"78":{"start":{"line":79,"column":0},"end":{"line":79,"column":52}},"79":{"start":{"line":80,"column":0},"end":{"line":80,"column":59}},"80":{"start":{"line":81,"column":0},"end":{"line":81,"column":18}},"81":{"start":{"line":82,"column":0},"end":{"line":82,"column":60}},"82":{"start":{"line":83,"column":0},"end":{"line":83,"column":11}},"83":{"start":{"line":84,"column":0},"end":{"line":84,"column":3}},"84":{"start":{"line":85,"column":0},"end":{"line":85,"column":51}},"85":{"start":{"line":86,"column":0},"end":{"line":86,"column":75}},"86":{"start":{"line":87,"column":0},"end":{"line":87,"column":11}},"87":{"start":{"line":88,"column":0},"end":{"line":88,"column":3}},"88":{"start":{"line":89,"column":0},"end":{"line":89,"column":7}},"89":{"start":{"line":90,"column":0},"end":{"line":90,"column":71}},"90":{"start":{"line":91,"column":0},"end":{"line":91,"column":40}},"91":{"start":{"line":92,"column":0},"end":{"line":92,"column":19}},"92":{"start":{"line":93,"column":0},"end":{"line":93,"column":75}},"93":{"start":{"line":94,"column":0},"end":{"line":94,"column":45}},"94":{"start":{"line":95,"column":0},"end":{"line":95,"column":3}},"95":{"start":{"line":96,"column":0},"end":{"line":96,"column":3}},"97":{"start":{"line":98,"column":0},"end":{"line":98,"column":39}},"98":{"start":{"line":99,"column":0},"end":{"line":99,"column":34}},"99":{"start":{"line":100,"column":0},"end":{"line":100,"column":3}},"101":{"start":{"line":102,"column":0},"end":{"line":102,"column":42}},"102":{"start":{"line":103,"column":0},"end":{"line":103,"column":23}},"103":{"start":{"line":104,"column":0},"end":{"line":104,"column":30}},"104":{"start":{"line":105,"column":0},"end":{"line":105,"column":3}},"111":{"start":{"line":112,"column":0},"end":{"line":112,"column":38}},"112":{"start":{"line":113,"column":0},"end":{"line":113,"column":56}},"113":{"start":{"line":114,"column":0},"end":{"line":114,"column":17}},"114":{"start":{"line":115,"column":0},"end":{"line":115,"column":59}},"115":{"start":{"line":116,"column":0},"end":{"line":116,"column":11}},"116":{"start":{"line":117,"column":0},"end":{"line":117,"column":3}},"117":{"start":{"line":118,"column":0},"end":{"line":118,"column":53}},"118":{"start":{"line":119,"column":0},"end":{"line":119,"column":3}},"120":{"start":{"line":121,"column":0},"end":{"line":121,"column":22}}},"s":{"0":1,"1":1,"2":1,"3":1,"4":1,"5":1,"6":1,"8":1,"10":1,"11":1,"12":1,"13":1,"14":1,"15":1,"16":1,"17":1,"18":1,"19":1,"20":1,"21":1,"22":1,"23":1,"25":1,"26":1,"27":1,"28":1,"29":1,"30":1,"32":1,"33":0,"34":0,"35":0,"36":0,"37":0,"38":0,"39":0,"41":1,"42":2,"43":2,"44":2,"45":2,"46":2,"47":2,"48":2,"49":2,"50":2,"59":1,"60":2,"61":2,"62":0,"63":0,"64":0,"65":2,"66":2,"67":2,"68":2,"69":2,"70":2,"71":2,"78":1,"79":3,"80":3,"81":1,"82":1,"83":1,"84":3,"85":1,"86":1,"87":1,"88":1,"89":1,"90":1,"91":3,"92":0,"93":0,"94":0,"95":3,"97":1,"98":2,"99":2,"101":1,"102":1,"103":1,"104":1,"111":1,"112":2,"113":2,"114":1,"115":1,"116":1,"117":1,"118":1,"120":1},"branchMap":{"0":{"type":"branch","line":11,"loc":{"start":{"line":11,"column":22},"end":{"line":24,"column":3}},"locations":[{"start":{"line":11,"column":22},"end":{"line":24,"column":3}}]},"1":{"type":"branch","line":26,"loc":{"start":{"line":26,"column":23},"end":{"line":31,"column":3}},"locations":[{"start":{"line":26,"column":23},"end":{"line":31,"column":3}}]},"2":{"type":"branch","line":42,"loc":{"start":{"line":42,"column":22},"end":{"line":51,"column":3}},"locations":[{"start":{"line":42,"column":22},"end":{"line":51,"column":3}}]},"3":{"type":"branch","line":60,"loc":{"start":{"line":60,"column":23},"end":{"line":72,"column":3}},"locations":[{"start":{"line":60,"column":23},"end":{"line":72,"column":3}}]},"4":{"type":"branch","line":62,"loc":{"start":{"line":62,"column":19},"end":{"line":65,"column":3}},"locations":[{"start":{"line":62,"column":19},"end":{"line":65,"column":3}}]},"5":{"type":"branch","line":68,"loc":{"start":{"line":68,"column":14},"end":{"line":68,"column":41}},"locations":[{"start":{"line":68,"column":14},"end":{"line":68,"column":41}}]},"6":{"type":"branch","line":69,"loc":{"start":{"line":69,"column":19},"end":{"line":69,"column":56}},"locations":[{"start":{"line":69,"column":19},"end":{"line":69,"column":56}}]},"7":{"type":"branch","line":70,"loc":{"start":{"line":70,"column":12},"end":{"line":70,"column":38}},"locations":[{"start":{"line":70,"column":12},"end":{"line":70,"column":38}}]},"8":{"type":"branch","line":79,"loc":{"start":{"line":79,"column":31},"end":{"line":96,"column":3}},"locations":[{"start":{"line":79,"column":31},"end":{"line":96,"column":3}}]},"9":{"type":"branch","line":81,"loc":{"start":{"line":81,"column":17},"end":{"line":84,"column":3}},"locations":[{"start":{"line":81,"column":17},"end":{"line":84,"column":3}}]},"10":{"type":"branch","line":84,"loc":{"start":{"line":84,"column":2},"end":{"line":85,"column":50}},"locations":[{"start":{"line":84,"column":2},"end":{"line":85,"column":50}}]},"11":{"type":"branch","line":85,"loc":{"start":{"line":85,"column":25},"end":{"line":85,"column":50}},"locations":[{"start":{"line":85,"column":25},"end":{"line":85,"column":50}}]},"12":{"type":"branch","line":85,"loc":{"start":{"line":85,"column":50},"end":{"line":92,"column":11}},"locations":[{"start":{"line":85,"column":50},"end":{"line":92,"column":11}}]},"13":{"type":"branch","line":92,"loc":{"start":{"line":92,"column":2},"end":{"line":95,"column":3}},"locations":[{"start":{"line":92,"column":2},"end":{"line":95,"column":3}}]},"14":{"type":"branch","line":98,"loc":{"start":{"line":98,"column":24},"end":{"line":100,"column":3}},"locations":[{"start":{"line":98,"column":24},"end":{"line":100,"column":3}}]},"15":{"type":"branch","line":102,"loc":{"start":{"line":102,"column":27},"end":{"line":105,"column":3}},"locations":[{"start":{"line":102,"column":27},"end":{"line":105,"column":3}}]},"16":{"type":"branch","line":112,"loc":{"start":{"line":112,"column":23},"end":{"line":119,"column":3}},"locations":[{"start":{"line":112,"column":23},"end":{"line":119,"column":3}}]},"17":{"type":"branch","line":114,"loc":{"start":{"line":114,"column":16},"end":{"line":119,"column":3}},"locations":[{"start":{"line":114,"column":16},"end":{"line":119,"column":3}}]}},"b":{"0":[1],"1":[1],"2":[2],"3":[2],"4":[0],"5":[0],"6":[0],"7":[0],"8":[3],"9":[1],"10":[2],"11":[1],"12":[1],"13":[0],"14":[2],"15":[1],"16":[2],"17":[1]},"fnMap":{},"f":{}}
,"/Users/suren/workspace/curity/ps-work/internal-projects/saml-stuff/saml-web-client-diagnostic/server/routes/samlAuth.ts": {"path":"/Users/suren/workspace/curity/ps-work/internal-projects/saml-stuff/saml-web-client-diagnostic/server/routes/samlAuth.ts","all":false,"statementMap":{"0":{"start":{"line":1,"column":0},"end":{"line":1,"column":81}},"1":{"start":{"line":2,"column":0},"end":{"line":2,"column":32}},"2":{"start":{"line":3,"column":0},"end":{"line":3,"column":44}},"3":{"start":{"line":4,"column":0},"end":{"line":4,"column":53}},"4":{"start":{"line":5,"column":0},"end":{"line":5,"column":37}},"6":{"start":{"line":7,"column":0},"end":{"line":7,"column":24}},"28":{"start":{"line":29,"column":0},"end":{"line":29,"column":66}},"29":{"start":{"line":30,"column":0},"end":{"line":30,"column":99}},"30":{"start":{"line":31,"column":0},"end":{"line":31,"column":68}},"31":{"start":{"line":32,"column":0},"end":{"line":32,"column":1}},"34":{"start":{"line":35,"column":0},"end":{"line":35,"column":39}},"35":{"start":{"line":36,"column":0},"end":{"line":36,"column":7}},"36":{"start":{"line":37,"column":0},"end":{"line":37,"column":39}},"37":{"start":{"line":38,"column":0},"end":{"line":38,"column":27}},"38":{"start":{"line":39,"column":0},"end":{"line":39,"column":71}},"39":{"start":{"line":40,"column":0},"end":{"line":40,"column":79}},"40":{"start":{"line":41,"column":0},"end":{"line":41,"column":13}},"41":{"start":{"line":42,"column":0},"end":{"line":42,"column":5}},"42":{"start":{"line":43,"column":0},"end":{"line":43,"column":80}},"43":{"start":{"line":44,"column":0},"end":{"line":44,"column":47}},"44":{"start":{"line":45,"column":0},"end":{"line":45,"column":19}},"45":{"start":{"line":46,"column":0},"end":{"line":46,"column":75}},"46":{"start":{"line":47,"column":0},"end":{"line":47,"column":55}},"47":{"start":{"line":48,"column":0},"end":{"line":48,"column":85}},"48":{"start":{"line":49,"column":0},"end":{"line":49,"column":3}},"49":{"start":{"line":50,"column":0},"end":{"line":50,"column":3}},"52":{"start":{"line":53,"column":0},"end":{"line":53,"column":81}},"53":{"start":{"line":54,"column":0},"end":{"line":54,"column":45}},"55":{"start":{"line":56,"column":0},"end":{"line":56,"column":7}},"56":{"start":{"line":57,"column":0},"end":{"line":57,"column":39}},"57":{"start":{"line":58,"column":0},"end":{"line":58,"column":26}},"58":{"start":{"line":59,"column":0},"end":{"line":59,"column":51}},"59":{"start":{"line":60,"column":0},"end":{"line":60,"column":76}},"60":{"start":{"line":61,"column":0},"end":{"line":61,"column":56}},"61":{"start":{"line":62,"column":0},"end":{"line":62,"column":50}},"62":{"start":{"line":63,"column":0},"end":{"line":63,"column":53}},"63":{"start":{"line":64,"column":0},"end":{"line":64,"column":57}},"64":{"start":{"line":65,"column":0},"end":{"line":65,"column":26}},"65":{"start":{"line":66,"column":0},"end":{"line":66,"column":63}},"66":{"start":{"line":67,"column":0},"end":{"line":67,"column":50}},"67":{"start":{"line":68,"column":0},"end":{"line":68,"column":79}},"68":{"start":{"line":69,"column":0},"end":{"line":69,"column":48}},"69":{"start":{"line":70,"column":0},"end":{"line":70,"column":9}},"70":{"start":{"line":71,"column":0},"end":{"line":71,"column":7}},"71":{"start":{"line":72,"column":0},"end":{"line":72,"column":5}},"72":{"start":{"line":73,"column":0},"end":{"line":73,"column":19}},"73":{"start":{"line":74,"column":0},"end":{"line":74,"column":75}},"74":{"start":{"line":75,"column":0},"end":{"line":75,"column":62}},"75":{"start":{"line":76,"column":0},"end":{"line":76,"column":3}},"79":{"start":{"line":80,"column":0},"end":{"line":80,"column":76}},"82":{"start":{"line":83,"column":0},"end":{"line":83,"column":82}},"83":{"start":{"line":84,"column":0},"end":{"line":84,"column":23}},"84":{"start":{"line":85,"column":0},"end":{"line":85,"column":5}},"85":{"start":{"line":86,"column":0},"end":{"line":86,"column":3}},"93":{"start":{"line":94,"column":0},"end":{"line":94,"column":79}},"94":{"start":{"line":95,"column":0},"end":{"line":95,"column":45}},"95":{"start":{"line":96,"column":0},"end":{"line":96,"column":76}},"97":{"start":{"line":98,"column":0},"end":{"line":98,"column":21}},"98":{"start":{"line":99,"column":0},"end":{"line":99,"column":58}},"99":{"start":{"line":100,"column":0},"end":{"line":100,"column":45}},"100":{"start":{"line":101,"column":0},"end":{"line":101,"column":75}},"101":{"start":{"line":102,"column":0},"end":{"line":102,"column":43}},"102":{"start":{"line":103,"column":0},"end":{"line":103,"column":10}},"103":{"start":{"line":104,"column":0},"end":{"line":104,"column":55}},"104":{"start":{"line":105,"column":0},"end":{"line":105,"column":3}},"106":{"start":{"line":107,"column":0},"end":{"line":107,"column":90}},"107":{"start":{"line":108,"column":0},"end":{"line":108,"column":14}},"108":{"start":{"line":109,"column":0},"end":{"line":109,"column":55}},"109":{"start":{"line":110,"column":0},"end":{"line":110,"column":85}},"110":{"start":{"line":111,"column":0},"end":{"line":111,"column":13}},"111":{"start":{"line":112,"column":0},"end":{"line":112,"column":5}},"112":{"start":{"line":113,"column":0},"end":{"line":113,"column":16}},"113":{"start":{"line":114,"column":0},"end":{"line":114,"column":72}},"114":{"start":{"line":115,"column":0},"end":{"line":115,"column":13}},"115":{"start":{"line":116,"column":0},"end":{"line":116,"column":5}},"117":{"start":{"line":118,"column":0},"end":{"line":118,"column":87}},"119":{"start":{"line":120,"column":0},"end":{"line":120,"column":35}},"120":{"start":{"line":121,"column":0},"end":{"line":121,"column":21}},"121":{"start":{"line":122,"column":0},"end":{"line":122,"column":92}},"122":{"start":{"line":123,"column":0},"end":{"line":123,"column":15}},"123":{"start":{"line":124,"column":0},"end":{"line":124,"column":7}},"124":{"start":{"line":125,"column":0},"end":{"line":125,"column":57}},"125":{"start":{"line":126,"column":0},"end":{"line":126,"column":7}},"126":{"start":{"line":127,"column":0},"end":{"line":127,"column":21}},"127":{"start":{"line":128,"column":0},"end":{"line":128,"column":3}},"130":{"start":{"line":131,"column":0},"end":{"line":131,"column":37}},"131":{"start":{"line":132,"column":0},"end":{"line":132,"column":56}},"132":{"start":{"line":133,"column":0},"end":{"line":133,"column":23}},"133":{"start":{"line":134,"column":0},"end":{"line":134,"column":59}},"134":{"start":{"line":135,"column":0},"end":{"line":135,"column":31}},"135":{"start":{"line":136,"column":0},"end":{"line":136,"column":25}},"136":{"start":{"line":137,"column":0},"end":{"line":137,"column":67}},"137":{"start":{"line":138,"column":0},"end":{"line":138,"column":35}},"138":{"start":{"line":139,"column":0},"end":{"line":139,"column":14}},"139":{"start":{"line":140,"column":0},"end":{"line":140,"column":86}},"140":{"start":{"line":141,"column":0},"end":{"line":141,"column":40}},"141":{"start":{"line":142,"column":0},"end":{"line":142,"column":7}},"142":{"start":{"line":143,"column":0},"end":{"line":143,"column":7}},"143":{"start":{"line":144,"column":0},"end":{"line":144,"column":5}},"144":{"start":{"line":145,"column":0},"end":{"line":145,"column":3}},"147":{"start":{"line":148,"column":0},"end":{"line":148,"column":46}},"148":{"start":{"line":149,"column":0},"end":{"line":149,"column":48}},"149":{"start":{"line":150,"column":0},"end":{"line":150,"column":30}},"150":{"start":{"line":151,"column":0},"end":{"line":151,"column":25}},"151":{"start":{"line":152,"column":0},"end":{"line":152,"column":70}},"152":{"start":{"line":153,"column":0},"end":{"line":153,"column":83}},"153":{"start":{"line":154,"column":0},"end":{"line":154,"column":7}},"154":{"start":{"line":155,"column":0},"end":{"line":155,"column":10}},"155":{"start":{"line":156,"column":0},"end":{"line":156,"column":54}},"156":{"start":{"line":157,"column":0},"end":{"line":157,"column":3}},"157":{"start":{"line":158,"column":0},"end":{"line":158,"column":3}},"159":{"start":{"line":160,"column":0},"end":{"line":160,"column":22}}},"s":{"0":1,"1":1,"2":1,"3":1,"4":1,"6":1,"28":0,"29":0,"30":0,"31":0,"34":1,"35":0,"36":0,"37":0,"38":0,"39":0,"40":0,"41":0,"42":0,"43":0,"44":0,"45":0,"46":0,"47":0,"48":0,"49":0,"52":1,"53":0,"55":0,"56":0,"57":0,"58":0,"59":0,"60":0,"61":0,"62":0,"63":0,"64":0,"65":0,"66":0,"67":0,"68":0,"69":0,"70":0,"71":0,"72":0,"73":0,"74":0,"75":0,"79":0,"82":0,"83":0,"84":0,"85":0,"93":1,"94":0,"95":0,"97":0,"98":0,"99":0,"100":0,"101":0,"102":0,"103":0,"104":0,"106":0,"107":0,"108":0,"109":0,"110":0,"111":0,"112":0,"113":0,"114":0,"115":0,"117":0,"119":0,"120":0,"121":0,"122":0,"123":0,"124":0,"125":0,"126":0,"127":0,"130":1,"131":0,"132":0,"133":0,"134":0,"135":0,"136":0,"137":0,"138":0,"139":0,"140":0,"141":0,"142":0,"143":0,"144":0,"147":1,"148":0,"149":0,"150":0,"151":0,"152":0,"153":0,"154":0,"155":0,"156":0,"157":0,"159":1},"branchMap":{},"b":{},"fnMap":{"0":{"name":"getSamlStrategy","decl":{"start":{"line":29,"column":0},"end":{"line":32,"column":1}},"loc":{"start":{"line":29,"column":0},"end":{"line":32,"column":1}},"line":29}},"f":{"0":0}}
,"/Users/suren/workspace/curity/ps-work/internal-projects/saml-stuff/saml-web-client-diagnostic/server/routes/unsolicited.ts": {"path":"/Users/suren/workspace/curity/ps-work/internal-projects/saml-stuff/saml-web-client-diagnostic/server/routes/unsolicited.ts","all":false,"statementMap":{"0":{"start":{"line":1,"column":0},"end":{"line":1,"column":33}},"1":{"start":{"line":2,"column":0},"end":{"line":2,"column":47}},"2":{"start":{"line":3,"column":0},"end":{"line":3,"column":67}},"3":{"start":{"line":4,"column":0},"end":{"line":4,"column":53}},"6":{"start":{"line":7,"column":0},"end":{"line":7,"column":24}},"9":{"start":{"line":10,"column":0},"end":{"line":10,"column":39}},"10":{"start":{"line":11,"column":0},"end":{"line":11,"column":23}},"11":{"start":{"line":12,"column":0},"end":{"line":12,"column":12}},"12":{"start":{"line":13,"column":0},"end":{"line":13,"column":21}},"13":{"start":{"line":14,"column":0},"end":{"line":14,"column":25}},"14":{"start":{"line":15,"column":0},"end":{"line":15,"column":31}},"15":{"start":{"line":16,"column":0},"end":{"line":16,"column":21}},"16":{"start":{"line":17,"column":0},"end":{"line":17,"column":25}},"17":{"start":{"line":18,"column":0},"end":{"line":18,"column":33}},"18":{"start":{"line":19,"column":0},"end":{"line":19,"column":31}},"19":{"start":{"line":20,"column":0},"end":{"line":20,"column":18}},"20":{"start":{"line":21,"column":0},"end":{"line":21,"column":5}},"21":{"start":{"line":22,"column":0},"end":{"line":22,"column":3}},"24":{"start":{"line":25,"column":0},"end":{"line":25,"column":35}},"25":{"start":{"line":26,"column":0},"end":{"line":26,"column":7}},"26":{"start":{"line":27,"column":0},"end":{"line":27,"column":56}},"27":{"start":{"line":28,"column":0},"end":{"line":28,"column":15}},"28":{"start":{"line":29,"column":0},"end":{"line":29,"column":63}},"29":{"start":{"line":30,"column":0},"end":{"line":30,"column":45}},"30":{"start":{"line":31,"column":0},"end":{"line":31,"column":3}},"31":{"start":{"line":32,"column":0},"end":{"line":32,"column":3}},"36":{"start":{"line":37,"column":0},"end":{"line":37,"column":39}},"37":{"start":{"line":38,"column":0},"end":{"line":38,"column":39}},"38":{"start":{"line":39,"column":0},"end":{"line":39,"column":13}},"39":{"start":{"line":40,"column":0},"end":{"line":40,"column":63}},"40":{"start":{"line":41,"column":0},"end":{"line":41,"column":4}},"41":{"start":{"line":42,"column":0},"end":{"line":42,"column":45}},"48":{"start":{"line":49,"column":0},"end":{"line":49,"column":53}},"50":{"start":{"line":51,"column":0},"end":{"line":51,"column":17}},"51":{"start":{"line":52,"column":0},"end":{"line":52,"column":3}},"54":{"start":{"line":55,"column":0},"end":{"line":55,"column":42}},"55":{"start":{"line":56,"column":0},"end":{"line":56,"column":45}},"56":{"start":{"line":57,"column":0},"end":{"line":57,"column":7}},"57":{"start":{"line":58,"column":0},"end":{"line":58,"column":55}},"58":{"start":{"line":59,"column":0},"end":{"line":59,"column":49}},"59":{"start":{"line":60,"column":0},"end":{"line":60,"column":27}},"60":{"start":{"line":61,"column":0},"end":{"line":61,"column":37}},"61":{"start":{"line":62,"column":0},"end":{"line":62,"column":20}},"62":{"start":{"line":63,"column":0},"end":{"line":63,"column":59}},"63":{"start":{"line":64,"column":0},"end":{"line":64,"column":67}},"64":{"start":{"line":65,"column":0},"end":{"line":65,"column":31}},"65":{"start":{"line":66,"column":0},"end":{"line":66,"column":11}},"66":{"start":{"line":67,"column":0},"end":{"line":67,"column":80}},"67":{"start":{"line":68,"column":0},"end":{"line":68,"column":7}},"68":{"start":{"line":69,"column":0},"end":{"line":69,"column":7}},"69":{"start":{"line":70,"column":0},"end":{"line":70,"column":20}},"70":{"start":{"line":71,"column":0},"end":{"line":71,"column":18}},"71":{"start":{"line":72,"column":0},"end":{"line":72,"column":107}},"72":{"start":{"line":73,"column":0},"end":{"line":73,"column":8}},"73":{"start":{"line":74,"column":0},"end":{"line":74,"column":12}},"74":{"start":{"line":75,"column":0},"end":{"line":75,"column":18}},"75":{"start":{"line":76,"column":0},"end":{"line":76,"column":117}},"76":{"start":{"line":77,"column":0},"end":{"line":77,"column":8}},"77":{"start":{"line":78,"column":0},"end":{"line":78,"column":5}},"78":{"start":{"line":79,"column":0},"end":{"line":79,"column":21}},"79":{"start":{"line":80,"column":0},"end":{"line":80,"column":17}},"80":{"start":{"line":81,"column":0},"end":{"line":81,"column":52}},"81":{"start":{"line":82,"column":0},"end":{"line":82,"column":69}},"82":{"start":{"line":83,"column":0},"end":{"line":83,"column":63}},"83":{"start":{"line":84,"column":0},"end":{"line":84,"column":63}},"84":{"start":{"line":85,"column":0},"end":{"line":85,"column":3}},"85":{"start":{"line":86,"column":0},"end":{"line":86,"column":3}},"87":{"start":{"line":88,"column":0},"end":{"line":88,"column":22}}},"s":{"0":1,"1":1,"2":1,"3":1,"6":1,"9":1,"10":0,"11":0,"12":0,"13":0,"14":0,"15":0,"16":0,"17":0,"18":0,"19":0,"20":0,"21":0,"24":1,"25":0,"26":0,"27":0,"28":0,"29":0,"30":0,"31":0,"36":1,"37":0,"38":0,"39":0,"40":0,"41":0,"48":0,"50":0,"51":0,"54":1,"55":0,"56":0,"57":0,"58":0,"59":0,"60":0,"61":0,"62":0,"63":0,"64":0,"65":0,"66":0,"67":0,"68":0,"69":0,"70":0,"71":0,"72":0,"73":0,"74":0,"75":0,"76":0,"77":0,"78":0,"79":0,"80":0,"81":0,"82":0,"83":0,"84":0,"85":0,"87":1},"branchMap":{},"b":{},"fnMap":{},"f":{}}
,"/Users/suren/workspace/curity/ps-work/internal-projects/saml-stuff/saml-web-client-diagnostic/server/saml/decode.ts": {"path":"/Users/suren/workspace/curity/ps-work/internal-projects/saml-stuff/saml-web-client-diagnostic/server/saml/decode.ts","all":false,"statementMap":{"0":{"start":{"line":1,"column":0},"end":{"line":1,"column":34}},"1":{"start":{"line":2,"column":0},"end":{"line":2,"column":33}},"8":{"start":{"line":9,"column":0},"end":{"line":9,"column":88}},"9":{"start":{"line":10,"column":0},"end":{"line":10,"column":7}},"10":{"start":{"line":11,"column":0},"end":{"line":11,"column":29}},"12":{"start":{"line":13,"column":0},"end":{"line":13,"column":20}},"13":{"start":{"line":14,"column":0},"end":{"line":14,"column":55}},"14":{"start":{"line":15,"column":0},"end":{"line":15,"column":11}},"15":{"start":{"line":16,"column":0},"end":{"line":16,"column":57}},"16":{"start":{"line":17,"column":0},"end":{"line":17,"column":15}},"17":{"start":{"line":18,"column":0},"end":{"line":18,"column":36}},"18":{"start":{"line":19,"column":0},"end":{"line":19,"column":7}},"19":{"start":{"line":20,"column":0},"end":{"line":20,"column":5}},"21":{"start":{"line":22,"column":0},"end":{"line":22,"column":35}},"22":{"start":{"line":23,"column":0},"end":{"line":23,"column":63}},"23":{"start":{"line":24,"column":0},"end":{"line":24,"column":50}},"24":{"start":{"line":25,"column":0},"end":{"line":25,"column":36}},"25":{"start":{"line":26,"column":0},"end":{"line":26,"column":7}},"27":{"start":{"line":28,"column":0},"end":{"line":28,"column":12}},"28":{"start":{"line":29,"column":0},"end":{"line":29,"column":19}},"29":{"start":{"line":30,"column":0},"end":{"line":30,"column":23}},"30":{"start":{"line":31,"column":0},"end":{"line":31,"column":48}},"31":{"start":{"line":32,"column":0},"end":{"line":32,"column":6}},"32":{"start":{"line":33,"column":0},"end":{"line":33,"column":19}},"33":{"start":{"line":34,"column":0},"end":{"line":34,"column":75}},"34":{"start":{"line":35,"column":0},"end":{"line":35,"column":47}},"35":{"start":{"line":36,"column":0},"end":{"line":36,"column":3}},"36":{"start":{"line":37,"column":0},"end":{"line":37,"column":1}}},"s":{"0":1,"1":1,"8":1,"9":7,"10":7,"12":7,"13":6,"14":6,"15":6,"16":6,"17":5,"18":5,"19":6,"21":7,"22":7,"23":7,"24":7,"25":7,"27":7,"28":7,"29":7,"30":7,"31":7,"32":7,"33":0,"34":0,"35":0,"36":7},"branchMap":{"0":{"type":"branch","line":9,"loc":{"start":{"line":9,"column":7},"end":{"line":37,"column":1}},"locations":[{"start":{"line":9,"column":7},"end":{"line":37,"column":1}}]},"1":{"type":"branch","line":13,"loc":{"start":{"line":13,"column":19},"end":{"line":20,"column":5}},"locations":[{"start":{"line":13,"column":19},"end":{"line":20,"column":5}}]},"2":{"type":"branch","line":17,"loc":{"start":{"line":17,"column":6},"end":{"line":19,"column":7}},"locations":[{"start":{"line":17,"column":6},"end":{"line":19,"column":7}}]},"3":{"type":"branch","line":33,"loc":{"start":{"line":33,"column":2},"end":{"line":36,"column":3}},"locations":[{"start":{"line":33,"column":2},"end":{"line":36,"column":3}}]},"4":{"type":"branch","line":24,"loc":{"start":{"line":24,"column":32},"end":{"line":26,"column":5}},"locations":[{"start":{"line":24,"column":32},"end":{"line":26,"column":5}}]},"5":{"type":"branch","line":25,"loc":{"start":{"line":25,"column":16},"end":{"line":25,"column":36}},"locations":[{"start":{"line":25,"column":16},"end":{"line":25,"column":36}}]}},"b":{"0":[7],"1":[6],"2":[5],"3":[0],"4":[7],"5":[6]},"fnMap":{"0":{"name":"decodeSAML","decl":{"start":{"line":9,"column":7},"end":{"line":37,"column":1}},"loc":{"start":{"line":9,"column":7},"end":{"line":37,"column":1}},"line":9}},"f":{"0":7}}
,"/Users/suren/workspace/curity/ps-work/internal-projects/saml-stuff/saml-web-client-diagnostic/server/saml/messageStore.ts": {"path":"/Users/suren/workspace/curity/ps-work/internal-projects/saml-stuff/saml-web-client-diagnostic/server/saml/messageStore.ts","all":false,"statementMap":{"13":{"start":{"line":14,"column":0},"end":{"line":14,"column":35}},"14":{"start":{"line":15,"column":0},"end":{"line":15,"column":15}},"15":{"start":{"line":16,"column":0},"end":{"line":16,"column":16}},"16":{"start":{"line":17,"column":0},"end":{"line":17,"column":16}},"17":{"start":{"line":18,"column":0},"end":{"line":18,"column":2}},"19":{"start":{"line":20,"column":0},"end":{"line":20,"column":45}},"20":{"start":{"line":21,"column":0},"end":{"line":21,"column":18}},"21":{"start":{"line":22,"column":0},"end":{"line":22,"column":1}},"23":{"start":{"line":24,"column":0},"end":{"line":24,"column":31}},"24":{"start":{"line":25,"column":0},"end":{"line":25,"column":61}},"25":{"start":{"line":26,"column":0},"end":{"line":26,"column":1}},"27":{"start":{"line":28,"column":0},"end":{"line":28,"column":61}},"28":{"start":{"line":29,"column":0},"end":{"line":29,"column":32}},"29":{"start":{"line":30,"column":0},"end":{"line":30,"column":1}},"31":{"start":{"line":32,"column":0},"end":{"line":32,"column":63}},"32":{"start":{"line":33,"column":0},"end":{"line":33,"column":33}},"33":{"start":{"line":34,"column":0},"end":{"line":34,"column":1}},"35":{"start":{"line":36,"column":0},"end":{"line":36,"column":65}},"36":{"start":{"line":37,"column":0},"end":{"line":37,"column":34}},"37":{"start":{"line":38,"column":0},"end":{"line":38,"column":1}}},"s":{"13":1,"14":1,"15":1,"16":1,"17":1,"19":1,"20":2,"21":2,"23":1,"24":1,"25":1,"27":1,"28":0,"29":0,"31":1,"32":0,"33":0,"35":1,"36":0,"37":0},"branchMap":{"0":{"type":"branch","line":20,"loc":{"start":{"line":20,"column":7},"end":{"line":22,"column":1}},"locations":[{"start":{"line":20,"column":7},"end":{"line":22,"column":1}}]},"1":{"type":"branch","line":24,"loc":{"start":{"line":24,"column":7},"end":{"line":26,"column":1}},"locations":[{"start":{"line":24,"column":7},"end":{"line":26,"column":1}}]}},"b":{"0":[2],"1":[1]},"fnMap":{"0":{"name":"getAll","decl":{"start":{"line":20,"column":7},"end":{"line":22,"column":1}},"loc":{"start":{"line":20,"column":7},"end":{"line":22,"column":1}},"line":20},"1":{"name":"clear","decl":{"start":{"line":24,"column":7},"end":{"line":26,"column":1}},"loc":{"start":{"line":24,"column":7},"end":{"line":26,"column":1}},"line":24},"2":{"name":"recordRequest","decl":{"start":{"line":28,"column":7},"end":{"line":30,"column":1}},"loc":{"start":{"line":28,"column":7},"end":{"line":30,"column":1}},"line":28},"3":{"name":"recordResponse","decl":{"start":{"line":32,"column":7},"end":{"line":34,"column":1}},"loc":{"start":{"line":32,"column":7},"end":{"line":34,"column":1}},"line":32},"4":{"name":"recordAssertion","decl":{"start":{"line":36,"column":7},"end":{"line":38,"column":1}},"loc":{"start":{"line":36,"column":7},"end":{"line":38,"column":1}},"line":36}},"f":{"0":2,"1":1,"2":0,"3":0,"4":0}}
,"/Users/suren/workspace/curity/ps-work/internal-projects/saml-stuff/saml-web-client-diagnostic/server/saml/metadata.ts": {"path":"/Users/suren/workspace/curity/ps-work/internal-projects/saml-stuff/saml-web-client-diagnostic/server/saml/metadata.ts","all":false,"statementMap":{"0":{"start":{"line":1,"column":0},"end":{"line":1,"column":33}},"1":{"start":{"line":2,"column":0},"end":{"line":2,"column":46}},"10":{"start":{"line":11,"column":0},"end":{"line":11,"column":67}},"11":{"start":{"line":12,"column":0},"end":{"line":12,"column":24}},"12":{"start":{"line":13,"column":0},"end":{"line":13,"column":1}},"27":{"start":{"line":28,"column":0},"end":{"line":28,"column":30}},"28":{"start":{"line":29,"column":0},"end":{"line":29,"column":22}},"29":{"start":{"line":30,"column":0},"end":{"line":30,"column":28}},"30":{"start":{"line":31,"column":0},"end":{"line":31,"column":50}},"31":{"start":{"line":32,"column":0},"end":{"line":32,"column":43}},"32":{"start":{"line":33,"column":0},"end":{"line":33,"column":81}},"33":{"start":{"line":34,"column":0},"end":{"line":34,"column":80}},"34":{"start":{"line":35,"column":0},"end":{"line":35,"column":16}},"35":{"start":{"line":36,"column":0},"end":{"line":36,"column":81}},"36":{"start":{"line":37,"column":0},"end":{"line":37,"column":7}},"37":{"start":{"line":38,"column":0},"end":{"line":38,"column":11}},"38":{"start":{"line":39,"column":0},"end":{"line":39,"column":62}},"39":{"start":{"line":40,"column":0},"end":{"line":40,"column":26}},"40":{"start":{"line":41,"column":0},"end":{"line":41,"column":76}},"41":{"start":{"line":42,"column":0},"end":{"line":42,"column":9}},"42":{"start":{"line":43,"column":0},"end":{"line":43,"column":66}},"43":{"start":{"line":44,"column":0},"end":{"line":44,"column":69}},"44":{"start":{"line":45,"column":0},"end":{"line":45,"column":75}},"45":{"start":{"line":46,"column":0},"end":{"line":46,"column":23}},"46":{"start":{"line":47,"column":0},"end":{"line":47,"column":79}},"47":{"start":{"line":48,"column":0},"end":{"line":48,"column":87}},"48":{"start":{"line":49,"column":0},"end":{"line":49,"column":7}},"49":{"start":{"line":50,"column":0},"end":{"line":50,"column":7}},"50":{"start":{"line":51,"column":0},"end":{"line":51,"column":5}},"51":{"start":{"line":52,"column":0},"end":{"line":52,"column":1}},"55":{"start":{"line":56,"column":0},"end":{"line":56,"column":76}},"56":{"start":{"line":57,"column":0},"end":{"line":57,"column":56}},"57":{"start":{"line":58,"column":0},"end":{"line":58,"column":34}},"58":{"start":{"line":59,"column":0},"end":{"line":59,"column":57}},"59":{"start":{"line":60,"column":0},"end":{"line":60,"column":43}},"60":{"start":{"line":61,"column":0},"end":{"line":61,"column":1}},"62":{"start":{"line":63,"column":0},"end":{"line":63,"column":78}},"63":{"start":{"line":64,"column":0},"end":{"line":64,"column":56}},"64":{"start":{"line":65,"column":0},"end":{"line":65,"column":34}},"65":{"start":{"line":66,"column":0},"end":{"line":66,"column":57}},"66":{"start":{"line":67,"column":0},"end":{"line":67,"column":43}},"67":{"start":{"line":68,"column":0},"end":{"line":68,"column":1}},"69":{"start":{"line":70,"column":0},"end":{"line":70,"column":76}},"70":{"start":{"line":71,"column":0},"end":{"line":71,"column":56}},"71":{"start":{"line":72,"column":0},"end":{"line":72,"column":34}},"72":{"start":{"line":73,"column":0},"end":{"line":73,"column":57}},"73":{"start":{"line":74,"column":0},"end":{"line":74,"column":55}},"74":{"start":{"line":75,"column":0},"end":{"line":75,"column":1}},"76":{"start":{"line":77,"column":0},"end":{"line":77,"column":50}},"77":{"start":{"line":78,"column":0},"end":{"line":78,"column":31}},"78":{"start":{"line":79,"column":0},"end":{"line":79,"column":53}},"79":{"start":{"line":80,"column":0},"end":{"line":80,"column":28}},"80":{"start":{"line":81,"column":0},"end":{"line":81,"column":1}},"82":{"start":{"line":83,"column":0},"end":{"line":83,"column":48}},"83":{"start":{"line":84,"column":0},"end":{"line":84,"column":45}},"84":{"start":{"line":85,"column":0},"end":{"line":85,"column":1}},"86":{"start":{"line":87,"column":0},"end":{"line":87,"column":72}},"87":{"start":{"line":88,"column":0},"end":{"line":88,"column":22}},"88":{"start":{"line":89,"column":0},"end":{"line":89,"column":47}},"89":{"start":{"line":90,"column":0},"end":{"line":90,"column":1}},"91":{"start":{"line":92,"column":0},"end":{"line":92,"column":90}},"92":{"start":{"line":93,"column":0},"end":{"line":93,"column":31}},"93":{"start":{"line":94,"column":0},"end":{"line":94,"column":33}},"94":{"start":{"line":95,"column":0},"end":{"line":95,"column":67}},"95":{"start":{"line":96,"column":0},"end":{"line":96,"column":5}},"96":{"start":{"line":97,"column":0},"end":{"line":97,"column":1}},"98":{"start":{"line":99,"column":0},"end":{"line":99,"column":72}},"99":{"start":{"line":100,"column":0},"end":{"line":100,"column":53}},"100":{"start":{"line":101,"column":0},"end":{"line":101,"column":69}},"102":{"start":{"line":103,"column":0},"end":{"line":103,"column":81}},"104":{"start":{"line":105,"column":0},"end":{"line":105,"column":91}},"105":{"start":{"line":106,"column":0},"end":{"line":106,"column":61}},"106":{"start":{"line":107,"column":0},"end":{"line":107,"column":53}},"107":{"start":{"line":108,"column":0},"end":{"line":108,"column":95}},"109":{"start":{"line":110,"column":0},"end":{"line":110,"column":91}},"110":{"start":{"line":111,"column":0},"end":{"line":111,"column":78}},"112":{"start":{"line":113,"column":0},"end":{"line":113,"column":82}},"113":{"start":{"line":114,"column":0},"end":{"line":114,"column":49}},"114":{"start":{"line":115,"column":0},"end":{"line":115,"column":25}},"115":{"start":{"line":116,"column":0},"end":{"line":116,"column":50}},"116":{"start":{"line":117,"column":0},"end":{"line":117,"column":5}},"117":{"start":{"line":118,"column":0},"end":{"line":118,"column":19}},"118":{"start":{"line":119,"column":0},"end":{"line":119,"column":52}},"119":{"start":{"line":120,"column":0},"end":{"line":120,"column":51}},"120":{"start":{"line":121,"column":0},"end":{"line":121,"column":63}},"121":{"start":{"line":122,"column":0},"end":{"line":122,"column":19}},"122":{"start":{"line":123,"column":0},"end":{"line":123,"column":49}},"123":{"start":{"line":124,"column":0},"end":{"line":124,"column":5}},"124":{"start":{"line":125,"column":0},"end":{"line":125,"column":3}},"125":{"start":{"line":126,"column":0},"end":{"line":126,"column":16}},"126":{"start":{"line":127,"column":0},"end":{"line":127,"column":1}},"128":{"start":{"line":129,"column":0},"end":{"line":129,"column":70}},"129":{"start":{"line":130,"column":0},"end":{"line":130,"column":51}},"130":{"start":{"line":131,"column":0},"end":{"line":131,"column":67}},"132":{"start":{"line":133,"column":0},"end":{"line":133,"column":80}},"134":{"start":{"line":135,"column":0},"end":{"line":135,"column":99}},"135":{"start":{"line":136,"column":0},"end":{"line":136,"column":90}},"136":{"start":{"line":137,"column":0},"end":{"line":137,"column":72}},"138":{"start":{"line":139,"column":0},"end":{"line":139,"column":89}},"139":{"start":{"line":140,"column":0},"end":{"line":140,"column":86}},"141":{"start":{"line":142,"column":0},"end":{"line":142,"column":16}},"142":{"start":{"line":143,"column":0},"end":{"line":143,"column":1}}},"s":{"0":1,"1":1,"10":0,"11":0,"12":0,"27":1,"28":9,"29":9,"30":9,"31":9,"32":9,"33":9,"34":9,"35":1,"36":1,"37":8,"38":8,"39":9,"40":1,"41":1,"42":9,"43":2,"44":0,"45":9,"46":2,"47":2,"48":2,"49":9,"50":9,"51":9,"55":15,"56":15,"57":15,"58":15,"59":15,"60":15,"62":4,"63":4,"64":4,"65":4,"66":4,"67":4,"69":2,"70":2,"71":2,"72":2,"73":2,"74":2,"76":14,"77":14,"78":14,"79":14,"80":14,"82":31,"83":31,"84":31,"86":14,"87":14,"88":14,"89":14,"91":8,"92":8,"93":11,"94":11,"95":8,"96":8,"98":5,"99":5,"100":5,"102":4,"104":5,"105":5,"106":5,"107":5,"109":5,"110":5,"112":5,"113":5,"114":2,"115":2,"116":5,"117":5,"118":2,"119":2,"120":2,"121":2,"122":2,"123":2,"124":2,"125":4,"126":4,"128":2,"129":2,"130":2,"132":1,"134":2,"135":2,"136":2,"138":2,"139":2,"141":1,"142":1},"branchMap":{"0":{"type":"branch","line":28,"loc":{"start":{"line":28,"column":7},"end":{"line":52,"column":1}},"locations":[{"start":{"line":28,"column":7},"end":{"line":52,"column":1}}]},"1":{"type":"branch","line":32,"loc":{"start":{"line":32,"column":21},"end":{"line":51,"column":3}},"locations":[{"start":{"line":32,"column":21},"end":{"line":51,"column":3}}]},"2":{"type":"branch","line":34,"loc":{"start":{"line":34,"column":36},"end":{"line":50,"column":5}},"locations":[{"start":{"line":34,"column":36},"end":{"line":50,"column":5}}]},"3":{"type":"branch","line":35,"loc":{"start":{"line":35,"column":15},"end":{"line":37,"column":7}},"locations":[{"start":{"line":35,"column":15},"end":{"line":37,"column":7}}]},"4":{"type":"branch","line":37,"loc":{"start":{"line":37,"column":6},"end":{"line":40,"column":25}},"locations":[{"start":{"line":37,"column":6},"end":{"line":40,"column":25}}]},"5":{"type":"branch","line":40,"loc":{"start":{"line":40,"column":25},"end":{"line":42,"column":9}},"locations":[{"start":{"line":40,"column":25},"end":{"line":42,"column":9}}]},"6":{"type":"branch","line":42,"loc":{"start":{"line":42,"column":8},"end":{"line":43,"column":36}},"locations":[{"start":{"line":42,"column":8},"end":{"line":43,"column":36}}]},"7":{"type":"branch","line":43,"loc":{"start":{"line":43,"column":28},"end":{"line":43,"column":66}},"locations":[{"start":{"line":43,"column":28},"end":{"line":43,"column":66}}]},"8":{"type":"branch","line":43,"loc":{"start":{"line":43,"column":64},"end":{"line":45,"column":75}},"locations":[{"start":{"line":43,"column":64},"end":{"line":45,"column":75}}]},"9":{"type":"branch","line":44,"loc":{"start":{"line":44,"column":67},"end":{"line":45,"column":75}},"locations":[{"start":{"line":44,"column":67},"end":{"line":45,"column":75}}]},"10":{"type":"branch","line":46,"loc":{"start":{"line":46,"column":6},"end":{"line":49,"column":7}},"locations":[{"start":{"line":46,"column":6},"end":{"line":49,"column":7}}]},"11":{"type":"branch","line":47,"loc":{"start":{"line":47,"column":55},"end":{"line":47,"column":79}},"locations":[{"start":{"line":47,"column":55},"end":{"line":47,"column":79}}]},"12":{"type":"branch","line":56,"loc":{"start":{"line":56,"column":0},"end":{"line":61,"column":1}},"locations":[{"start":{"line":56,"column":0},"end":{"line":61,"column":1}}]},"13":{"type":"branch","line":57,"loc":{"start":{"line":57,"column":39},"end":{"line":57,"column":56}},"locations":[{"start":{"line":57,"column":39},"end":{"line":57,"column":56}}]},"14":{"type":"branch","line":59,"loc":{"start":{"line":59,"column":37},"end":{"line":59,"column":57}},"locations":[{"start":{"line":59,"column":37},"end":{"line":59,"column":57}}]},"15":{"type":"branch","line":60,"loc":{"start":{"line":60,"column":21},"end":{"line":60,"column":33}},"locations":[{"start":{"line":60,"column":21},"end":{"line":60,"column":33}}]},"16":{"type":"branch","line":60,"loc":{"start":{"line":60,"column":25},"end":{"line":60,"column":43}},"locations":[{"start":{"line":60,"column":25},"end":{"line":60,"column":43}}]},"17":{"type":"branch","line":63,"loc":{"start":{"line":63,"column":0},"end":{"line":68,"column":1}},"locations":[{"start":{"line":63,"column":0},"end":{"line":68,"column":1}}]},"18":{"type":"branch","line":64,"loc":{"start":{"line":64,"column":39},"end":{"line":64,"column":56}},"locations":[{"start":{"line":64,"column":39},"end":{"line":64,"column":56}}]},"19":{"type":"branch","line":66,"loc":{"start":{"line":66,"column":37},"end":{"line":66,"column":57}},"locations":[{"start":{"line":66,"column":37},"end":{"line":66,"column":57}}]},"20":{"type":"branch","line":67,"loc":{"start":{"line":67,"column":25},"end":{"line":67,"column":43}},"locations":[{"start":{"line":67,"column":25},"end":{"line":67,"column":43}}]},"21":{"type":"branch","line":70,"loc":{"start":{"line":70,"column":0},"end":{"line":75,"column":1}},"locations":[{"start":{"line":70,"column":0},"end":{"line":75,"column":1}}]},"22":{"type":"branch","line":71,"loc":{"start":{"line":71,"column":39},"end":{"line":71,"column":56}},"locations":[{"start":{"line":71,"column":39},"end":{"line":71,"column":56}}]},"23":{"type":"branch","line":73,"loc":{"start":{"line":73,"column":37},"end":{"line":73,"column":57}},"locations":[{"start":{"line":73,"column":37},"end":{"line":73,"column":57}}]},"24":{"type":"branch","line":74,"loc":{"start":{"line":74,"column":37},"end":{"line":74,"column":55}},"locations":[{"start":{"line":74,"column":37},"end":{"line":74,"column":55}}]},"25":{"type":"branch","line":77,"loc":{"start":{"line":77,"column":0},"end":{"line":81,"column":1}},"locations":[{"start":{"line":77,"column":0},"end":{"line":81,"column":1}}]},"26":{"type":"branch","line":78,"loc":{"start":{"line":78,"column":21},"end":{"line":78,"column":31}},"locations":[{"start":{"line":78,"column":21},"end":{"line":78,"column":31}}]},"27":{"type":"branch","line":78,"loc":{"start":{"line":78,"column":29},"end":{"line":79,"column":37}},"locations":[{"start":{"line":78,"column":29},"end":{"line":79,"column":37}}]},"28":{"type":"branch","line":79,"loc":{"start":{"line":79,"column":33},"end":{"line":79,"column":45}},"locations":[{"start":{"line":79,"column":33},"end":{"line":79,"column":45}}]},"29":{"type":"branch","line":79,"loc":{"start":{"line":79,"column":37},"end":{"line":79,"column":53}},"locations":[{"start":{"line":79,"column":37},"end":{"line":79,"column":53}}]},"30":{"type":"branch","line":83,"loc":{"start":{"line":83,"column":0},"end":{"line":85,"column":1}},"locations":[{"start":{"line":83,"column":0},"end":{"line":85,"column":1}}]},"31":{"type":"branch","line":84,"loc":{"start":{"line":84,"column":22},"end":{"line":84,"column":45}},"locations":[{"start":{"line":84,"column":22},"end":{"line":84,"column":45}}]},"32":{"type":"branch","line":87,"loc":{"start":{"line":87,"column":0},"end":{"line":90,"column":1}},"locations":[{"start":{"line":87,"column":0},"end":{"line":90,"column":1}}]},"33":{"type":"branch","line":89,"loc":{"start":{"line":89,"column":22},"end":{"line":89,"column":37}},"locations":[{"start":{"line":89,"column":22},"end":{"line":89,"column":37}}]},"34":{"type":"branch","line":89,"loc":{"start":{"line":89,"column":33},"end":{"line":89,"column":47}},"locations":[{"start":{"line":89,"column":33},"end":{"line":89,"column":47}}]},"35":{"type":"branch","line":92,"loc":{"start":{"line":92,"column":0},"end":{"line":97,"column":1}},"locations":[{"start":{"line":92,"column":0},"end":{"line":97,"column":1}}]},"36":{"type":"branch","line":93,"loc":{"start":{"line":93,"column":23},"end":{"line":96,"column":3}},"locations":[{"start":{"line":93,"column":23},"end":{"line":96,"column":3}}]},"37":{"type":"branch","line":99,"loc":{"start":{"line":99,"column":0},"end":{"line":127,"column":1}},"locations":[{"start":{"line":99,"column":0},"end":{"line":127,"column":1}}]},"38":{"type":"branch","line":101,"loc":{"start":{"line":101,"column":12},"end":{"line":101,"column":69}},"locations":[{"start":{"line":101,"column":12},"end":{"line":101,"column":69}}]},"39":{"type":"branch","line":101,"loc":{"start":{"line":101,"column":67},"end":{"line":105,"column":63}},"locations":[{"start":{"line":101,"column":67},"end":{"line":105,"column":63}}]},"40":{"type":"branch","line":105,"loc":{"start":{"line":105,"column":58},"end":{"line":105,"column":89}},"locations":[{"start":{"line":105,"column":58},"end":{"line":105,"column":89}}]},"41":{"type":"branch","line":108,"loc":{"start":{"line":108,"column":31},"end":{"line":108,"column":47}},"locations":[{"start":{"line":108,"column":31},"end":{"line":108,"column":47}}]},"42":{"type":"branch","line":108,"loc":{"start":{"line":108,"column":57},"end":{"line":108,"column":95}},"locations":[{"start":{"line":108,"column":57},"end":{"line":108,"column":95}}]},"43":{"type":"branch","line":108,"loc":{"start":{"line":108,"column":71},"end":{"line":108,"column":83}},"locations":[{"start":{"line":108,"column":71},"end":{"line":108,"column":83}}]},"44":{"type":"branch","line":110,"loc":{"start":{"line":110,"column":58},"end":{"line":110,"column":89}},"locations":[{"start":{"line":110,"column":58},"end":{"line":110,"column":89}}]},"45":{"type":"branch","line":111,"loc":{"start":{"line":111,"column":22},"end":{"line":111,"column":78}},"locations":[{"start":{"line":111,"column":22},"end":{"line":111,"column":78}}]},"46":{"type":"branch","line":111,"loc":{"start":{"line":111,"column":76},"end":{"line":113,"column":60}},"locations":[{"start":{"line":111,"column":76},"end":{"line":113,"column":60}}]},"47":{"type":"branch","line":113,"loc":{"start":{"line":113,"column":55},"end":{"line":113,"column":80}},"locations":[{"start":{"line":113,"column":55},"end":{"line":113,"column":80}}]},"48":{"type":"branch","line":118,"loc":{"start":{"line":118,"column":18},"end":{"line":125,"column":3}},"locations":[{"start":{"line":118,"column":18},"end":{"line":125,"column":3}}]},"49":{"type":"branch","line":125,"loc":{"start":{"line":125,"column":2},"end":{"line":127,"column":1}},"locations":[{"start":{"line":125,"column":2},"end":{"line":127,"column":1}}]},"50":{"type":"branch","line":114,"loc":{"start":{"line":114,"column":41},"end":{"line":117,"column":3}},"locations":[{"start":{"line":114,"column":41},"end":{"line":117,"column":3}}]},"51":{"type":"branch","line":129,"loc":{"start":{"line":129,"column":0},"end":{"line":143,"column":1}},"locations":[{"start":{"line":129,"column":0},"end":{"line":143,"column":1}}]},"52":{"type":"branch","line":131,"loc":{"start":{"line":131,"column":11},"end":{"line":135,"column":67}},"locations":[{"start":{"line":131,"column":11},"end":{"line":135,"column":67}}]},"53":{"type":"branch","line":135,"loc":{"start":{"line":135,"column":62},"end":{"line":135,"column":97}},"locations":[{"start":{"line":135,"column":62},"end":{"line":135,"column":97}}]},"54":{"type":"branch","line":136,"loc":{"start":{"line":136,"column":70},"end":{"line":136,"column":90}},"locations":[{"start":{"line":136,"column":70},"end":{"line":136,"column":90}}]},"55":{"type":"branch","line":137,"loc":{"start":{"line":137,"column":18},"end":{"line":139,"column":62}},"locations":[{"start":{"line":137,"column":18},"end":{"line":139,"column":62}}]},"56":{"type":"branch","line":139,"loc":{"start":{"line":139,"column":57},"end":{"line":139,"column":87}},"locations":[{"start":{"line":139,"column":57},"end":{"line":139,"column":87}}]},"57":{"type":"branch","line":140,"loc":{"start":{"line":140,"column":22},"end":{"line":143,"column":1}},"locations":[{"start":{"line":140,"column":22},"end":{"line":143,"column":1}}]},"58":{"type":"branch","line":136,"loc":{"start":{"line":136,"column":38},"end":{"line":136,"column":70}},"locations":[{"start":{"line":136,"column":38},"end":{"line":136,"column":70}}]}},"b":{"0":[9],"1":[9],"2":[9],"3":[1],"4":[8],"5":[1],"6":[7],"7":[5],"8":[2],"9":[0],"10":[2],"11":[0],"12":[15],"13":[0],"14":[5],"15":[12],"16":[3],"17":[4],"18":[0],"19":[0],"20":[0],"21":[2],"22":[0],"23":[0],"24":[0],"25":[14],"26":[4],"27":[10],"28":[2],"29":[8],"30":[31],"31":[28],"32":[14],"33":[13],"34":[1],"35":[8],"36":[11],"37":[5],"38":[1],"39":[4],"40":[1],"41":[1],"42":[1],"43":[0],"44":[2],"45":[2],"46":[4],"47":[2],"48":[2],"49":[4],"50":[2],"51":[2],"52":[1],"53":[0],"54":[0],"55":[1],"56":[0],"57":[1],"58":[1]},"fnMap":{"0":{"name":"fetchMetadata","decl":{"start":{"line":11,"column":0},"end":{"line":13,"column":1}},"loc":{"start":{"line":11,"column":0},"end":{"line":13,"column":1}},"line":11},"1":{"name":"parseMetadata","decl":{"start":{"line":28,"column":7},"end":{"line":52,"column":1}},"loc":{"start":{"line":28,"column":7},"end":{"line":52,"column":1}},"line":28},"2":{"name":"pickNs","decl":{"start":{"line":56,"column":0},"end":{"line":61,"column":1}},"loc":{"start":{"line":56,"column":0},"end":{"line":61,"column":1}},"line":56},"3":{"name":"pickNsDs","decl":{"start":{"line":63,"column":0},"end":{"line":68,"column":1}},"loc":{"start":{"line":63,"column":0},"end":{"line":68,"column":1}},"line":63},"4":{"name":"pickNsString","decl":{"start":{"line":70,"column":0},"end":{"line":75,"column":1}},"loc":{"start":{"line":70,"column":0},"end":{"line":75,"column":1}},"line":70},"5":{"name":"asArray","decl":{"start":{"line":77,"column":0},"end":{"line":81,"column":1}},"loc":{"start":{"line":77,"column":0},"end":{"line":81,"column":1}},"line":77},"6":{"name":"isNode","decl":{"start":{"line":83,"column":0},"end":{"line":85,"column":1}},"loc":{"start":{"line":83,"column":0},"end":{"line":85,"column":1}},"line":83},"7":{"name":"asString","decl":{"start":{"line":87,"column":0},"end":{"line":90,"column":1}},"loc":{"start":{"line":87,"column":0},"end":{"line":90,"column":1}},"line":87},"8":{"name":"findBinding","decl":{"start":{"line":92,"column":0},"end":{"line":97,"column":1}},"loc":{"start":{"line":92,"column":0},"end":{"line":97,"column":1}},"line":92},"9":{"name":"extractIdpConfig","decl":{"start":{"line":99,"column":0},"end":{"line":127,"column":1}},"loc":{"start":{"line":99,"column":0},"end":{"line":127,"column":1}},"line":99},"10":{"name":"extractSpConfig","decl":{"start":{"line":129,"column":0},"end":{"line":143,"column":1}},"loc":{"start":{"line":129,"column":0},"end":{"line":143,"column":1}},"line":129}},"f":{"0":0,"1":9,"2":15,"3":4,"4":2,"5":14,"6":31,"7":14,"8":8,"9":5,"10":2}}
,"/Users/suren/workspace/curity/ps-work/internal-projects/saml-stuff/saml-web-client-diagnostic/server/saml/strategy.ts": {"path":"/Users/suren/workspace/curity/ps-work/internal-projects/saml-stuff/saml-web-client-diagnostic/server/saml/strategy.ts","all":false,"statementMap":{"0":{"start":{"line":1,"column":0},"end":{"line":1,"column":32}},"1":{"start":{"line":2,"column":0},"end":{"line":2,"column":68}},"9":{"start":{"line":10,"column":0},"end":{"line":10,"column":38}},"10":{"start":{"line":11,"column":0},"end":{"line":11,"column":13}},"11":{"start":{"line":12,"column":0},"end":{"line":12,"column":19}},"12":{"start":{"line":13,"column":0},"end":{"line":13,"column":10}},"13":{"start":{"line":14,"column":0},"end":{"line":14,"column":20}},"14":{"start":{"line":15,"column":0},"end":{"line":15,"column":27}},"15":{"start":{"line":16,"column":0},"end":{"line":16,"column":25}},"19":{"start":{"line":20,"column":0},"end":{"line":20,"column":73}},"20":{"start":{"line":21,"column":0},"end":{"line":21,"column":39}},"21":{"start":{"line":22,"column":0},"end":{"line":22,"column":6}},"22":{"start":{"line":23,"column":0},"end":{"line":23,"column":17}},"23":{"start":{"line":24,"column":0},"end":{"line":24,"column":23}},"24":{"start":{"line":25,"column":0},"end":{"line":25,"column":79}},"25":{"start":{"line":26,"column":0},"end":{"line":26,"column":15}},"26":{"start":{"line":27,"column":0},"end":{"line":27,"column":14}},"27":{"start":{"line":28,"column":0},"end":{"line":28,"column":7}},"28":{"start":{"line":29,"column":0},"end":{"line":29,"column":6}},"30":{"start":{"line":31,"column":0},"end":{"line":31,"column":18}},"31":{"start":{"line":32,"column":0},"end":{"line":32,"column":67}},"32":{"start":{"line":33,"column":0},"end":{"line":33,"column":36}},"33":{"start":{"line":34,"column":0},"end":{"line":34,"column":92}},"34":{"start":{"line":35,"column":0},"end":{"line":35,"column":93}},"35":{"start":{"line":36,"column":0},"end":{"line":36,"column":69}},"36":{"start":{"line":37,"column":0},"end":{"line":37,"column":5}},"37":{"start":{"line":38,"column":0},"end":{"line":38,"column":60}},"38":{"start":{"line":39,"column":0},"end":{"line":39,"column":51}},"39":{"start":{"line":40,"column":0},"end":{"line":40,"column":62}},"40":{"start":{"line":41,"column":0},"end":{"line":41,"column":11}},"41":{"start":{"line":42,"column":0},"end":{"line":42,"column":3}},"43":{"start":{"line":44,"column":0},"end":{"line":44,"column":60}},"44":{"start":{"line":45,"column":0},"end":{"line":45,"column":90}},"45":{"start":{"line":46,"column":0},"end":{"line":46,"column":52}},"46":{"start":{"line":47,"column":0},"end":{"line":47,"column":101}},"47":{"start":{"line":48,"column":0},"end":{"line":48,"column":101}},"53":{"start":{"line":54,"column":0},"end":{"line":54,"column":74}},"54":{"start":{"line":55,"column":0},"end":{"line":55,"column":83}},"55":{"start":{"line":56,"column":0},"end":{"line":56,"column":3}},"56":{"start":{"line":57,"column":0},"end":{"line":57,"column":24}},"57":{"start":{"line":58,"column":0},"end":{"line":58,"column":17}},"58":{"start":{"line":59,"column":0},"end":{"line":59,"column":34}},"59":{"start":{"line":60,"column":0},"end":{"line":60,"column":26}},"60":{"start":{"line":61,"column":0},"end":{"line":61,"column":1}}},"s":{"0":1,"1":1,"9":1,"10":1,"11":1,"12":1,"13":1,"14":1,"15":1,"19":1,"20":0,"21":0,"22":1,"23":1,"24":1,"25":1,"26":1,"27":1,"28":1,"30":1,"31":0,"32":1,"33":1,"34":1,"35":1,"36":1,"37":1,"38":1,"39":1,"40":1,"41":1,"43":0,"44":0,"45":0,"46":0,"47":0,"53":0,"54":0,"55":0,"56":0,"57":0,"58":0,"59":0,"60":0},"branchMap":{"0":{"type":"branch","line":10,"loc":{"start":{"line":10,"column":7},"end":{"line":61,"column":1}},"locations":[{"start":{"line":10,"column":7},"end":{"line":61,"column":1}}]},"1":{"type":"branch","line":31,"loc":{"start":{"line":31,"column":17},"end":{"line":33,"column":15}},"locations":[{"start":{"line":31,"column":17},"end":{"line":33,"column":15}}]},"2":{"type":"branch","line":42,"loc":{"start":{"line":42,"column":2},"end":{"line":61,"column":1}},"locations":[{"start":{"line":42,"column":2},"end":{"line":61,"column":1}}]}},"b":{"0":[1],"1":[0],"2":[0
[...]
:8,"column":59}},"8":{"start":{"line":9,"column":0},"end":{"line":9,"column":64}},"9":{"start":{"line":10,"column":0},"end":{"line":10,"column":71}},"11":{"start":{"line":12,"column":0},"end":{"line":12,"column":57}},"12":{"start":{"line":13,"column":0},"end":{"line":13,"column":54}},"21":{"start":{"line":22,"column":0},"end":{"line":22,"column":89}},"22":{"start":{"line":23,"column":0},"end":{"line":23,"column":29}},"23":{"start":{"line":24,"column":0},"end":{"line":24,"column":23}},"24":{"start":{"line":25,"column":0},"end":{"line":25,"column":24}},"25":{"start":{"line":26,"column":0},"end":{"line":26,"column":35}},"26":{"start":{"line":27,"column":0},"end":{"line":27,"column":39}},"27":{"start":{"line":28,"column":0},"end":{"line":28,"column":5}},"29":{"start":{"line":30,"column":0},"end":{"line":30,"column":20}},"30":{"start":{"line":31,"column":0},"end":{"line":31,"column":21}},"31":{"start":{"line":32,"column":0},"end":{"line":32,"column":35}},"32":{"start":{"line":33,"column":0},"end":{"line":33,"column":37}},"33":{"start":{"line":34,"column":0},"end":{"line":34,"column":5}},"35":{"start":{"line":36,"column":0},"end":{"line":36,"column":29}},"36":{"start":{"line":37,"column":0},"end":{"line":37,"column":17}},"37":{"start":{"line":38,"column":0},"end":{"line":38,"column":56}},"38":{"start":{"line":39,"column":0},"end":{"line":39,"column":5}},"40":{"start":{"line":41,"column":0},"end":{"line":41,"column":71}},"41":{"start":{"line":42,"column":0},"end":{"line":42,"column":1}},"43":{"start":{"line":44,"column":0},"end":{"line":44,"column":85}},"44":{"start":{"line":45,"column":0},"end":{"line":45,"column":79}},"45":{"start":{"line":46,"column":0},"end":{"line":46,"column":1}},"47":{"start":{"line":48,"column":0},"end":{"line":48,"column":84}},"48":{"start":{"line":49,"column":0},"end":{"line":49,"column":78}},"49":{"start":{"line":50,"column":0},"end":{"line":50,"column":1}},"56":{"start":{"line":57,"column":0},"end":{"line":57,"column":88}},"57":{"start":{"line":58,"column":0},"end":{"line":58,"column":63}},"58":{"start":{"line":59,"column":0},"end":{"line":59,"column":39}},"60":{"start":{"line":61,"column":0},"end":{"line":61,"column":84}},"61":{"start":{"line":62,"column":0},"end":{"line":62,"column":76}},"62":{"start":{"line":63,"column":0},"end":{"line":63,"column":26}},"64":{"start":{"line":65,"column":0},"end":{"line":65,"column":63}},"65":{"start":{"line":66,"column":0},"end":{"line":66,"column":41}},"66":{"start":{"line":67,"column":0},"end":{"line":67,"column":4}},"67":{"start":{"line":68,"column":0},"end":{"line":68,"column":38}},"68":{"start":{"line":69,"column":0},"end":{"line":69,"column":65}},"69":{"start":{"line":70,"column":0},"end":{"line":70,"column":4}},"70":{"start":{"line":71,"column":0},"end":{"line":71,"column":41}},"71":{"start":{"line":72,"column":0},"end":{"line":72,"column":93}},"72":{"start":{"line":73,"column":0},"end":{"line":73,"column":4}},"73":{"start":{"line":74,"column":0},"end":{"line":74,"column":40}},"75":{"start":{"line":76,"column":0},"end":{"line":76,"column":51}},"77":{"start":{"line":78,"column":0},"end":{"line":78,"column":32}},"78":{"start":{"line":79,"column":0},"end":{"line":79,"column":27}},"79":{"start":{"line":80,"column":0},"end":{"line":80,"column":55}},"80":{"start":{"line":81,"column":0},"end":{"line":81,"column":10}},"81":{"start":{"line":82,"column":0},"end":{"line":82,"column":34}},"82":{"start":{"line":83,"column":0},"end":{"line":83,"column":3}},"83":{"start":{"line":84,"column":0},"end":{"line":84,"column":52}},"84":{"start":{"line":85,"column":0},"end":{"line":85,"column":1}},"86":{"start":{"line":87,"column":0},"end":{"line":87,"column":81}},"87":{"start":{"line":88,"column":0},"end":{"line":88,"column":48}},"88":{"start":{"line":89,"column":0},"end":{"line":89,"column":59}},"89":{"start":{"line":90,"column":0},"end":{"line":90,"column":58}},"90":{"start":{"line":91,"column":0},"end":{"line":91,"column":1}}},"s":{"0":1,"1":1,"3":1,"4":1,"6":1,"7":1,"8":1,"9":1,"11":1,"12":1,"21":1,"22":4,"23":4,"24":4,"25":4,"26":4,"27":4,"29":4,"30":4,"31":4,"32":4,"33":4,"35":4,"36":4,"37":4,"38":4,"40":4,"41":4,"43":1,"44":2,"45":2,"47":1,"48":2,"49":2,"56":1,"57":7,"58":7,"60":7,"61":7,"62":7,"64":7,"65":7,"66":7,"67":7,"68":7,"69":7,"70":7,"71":7,"72":7,"73":7,"75":7,"77":5,"78":5,"79":5,"80":7,"81":0,"82":0,"83":5,"84":5,"86":7,"87":7,"88":2,"89":7,"90":7},"branchMap":{"0":{"type":"branch","line":22,"loc":{"start":{"line":22,"column":7},"end":{"line":42,"column":1}},"locations":[{"start":{"line":22,"column":7},"end":{"line":42,"column":1}}]},"1":{"type":"branch","line":44,"loc":{"start":{"line":44,"column":7},"end":{"line":46,"column":1}},"locations":[{"start":{"line":44,"column":7},"end":{"line":46,"column":1}}]},"2":{"type":"branch","line":48,"loc":{"start":{"line":48,"column":7},"end":{"line":50,"column":1}},"locations":[{"start":{"line":48,"column":7},"end":{"line":50,"column":1}}]},"3":{"type":"branch","line":57,"loc":{"start":{"line":57,"column":7},"end":{"line":85,"column":1}},"locations":[{"start":{"line":57,"column":7},"end":{"line":85,"column":1}}]},"4":{"type":"branch","line":59,"loc":{"start":{"line":59,"column":28},"end":{"line":59,"column":39}},"locations":[{"start":{"line":59,"column":28},"end":{"line":59,"column":39}}]},"5":{"type":"branch","line":61,"loc":{"start":{"line":61,"column":55},"end":{"line":61,"column":72}},"locations":[{"start":{"line":61,"column":55},"end":{"line":61,"column":72}}]},"6":{"type":"branch","line":61,"loc":{"start":{"line":61,"column":59},"end":{"line":61,"column":84}},"locations":[{"start":{"line":61,"column":59},"end":{"line":61,"column":84}}]},"7":{"type":"branch","line":63,"loc":{"start":{"line":63,"column":15},"end":{"line":63,"column":26}},"locations":[{"start":{"line":63,"column":15},"end":{"line":63,"column":26}}]},"8":{"type":"branch","line":74,"loc":{"start":{"line":74,"column":29},"end":{"line":74,"column":40}},"locations":[{"start":{"line":74,"column":29},"end":{"line":74,"column":40}}]},"9":{"type":"branch","line":74,"loc":{"start":{"line":74,"column":36},"end":{"line":76,"column":47}},"locations":[{"start":{"line":74,"column":36},"end":{"line":76,"column":47}}]},"10":{"type":"branch","line":76,"loc":{"start":{"line":76,"column":40},"end":{"line":76,"column":51}},"locations":[{"start":{"line":76,"column":40},"end":{"line":76,"column":51}}]},"11":{"type":"branch","line":76,"loc":{"start":{"line":76,"column":47},"end":{"line":81,"column":9}},"locations":[{"start":{"line":76,"column":47},"end":{"line":81,"column":9}}]},"12":{"type":"branch","line":81,"loc":{"start":{"line":81,"column":2},"end":{"line":83,"column":3}},"locations":[{"start":{"line":81,"column":2},"end":{"line":83,"column":3}}]},"13":{"type":"branch","line":83,"loc":{"start":{"line":83,"column":2},"end":{"line":85,"column":1}},"locations":[{"start":{"line":83,"column":2},"end":{"line":85,"column":1}}]},"14":{"type":"branch","line":66,"loc":{"start":{"line":66,"column":4},"end":{"line":66,"column":41}},"locations":[{"start":{"line":66,"column":4},"end":{"line":66,"column":41}}]},"15":{"type":"branch","line":69,"loc":{"start":{"line":69,"column":4},"end":{"line":69,"column":65}},"locations":[{"start":{"line":69,"column":4},"end":{"line":69,"column":65}}]},"16":{"type":"branch","line":72,"loc":{"start":{"line":72,"column":4},"end":{"line":72,"column":93}},"locations":[{"start":{"line":72,"column":4},"end":{"line":72,"column":93}}]},"17":{"type":"branch","line":72,"loc":{"start":{"line":72,"column":27},"end":{"line":72,"column":70}},"locations":[{"start":{"line":72,"column":27},"end":{"line":72,"column":70}}]},"18":{"type":"branch","line":72,"loc":{"start":{"line":72,"column":61},"end":{"line":72,"column":93}},"locations":[{"start":{"line":72,"column":61},"end":{"line":72,"column":93}}]},"19":{"type":"branch","line":87,"loc":{"start":{"line":87,"column":0},"end":{"line":91,"column":1}},"locations":[{"start":{"line":87,"column":0},"end":{"line":91,"column":1}}]},"20":{"type":"branch","line":88,"loc":{"start":{"line":88,"column":36},"end":{"line":88,"column":48}},"locations":[{"start":{"line":88,"column":36},"end":{"line":88,"column":48}}]},"21":{"type":"branch","line":88,"loc":{"start":{"line":88,"column":43},"end":{"line":90,"column":35}},"locations":[{"start":{"line":88,"column":43},"end":{"line":90,"column":35}}]},"22":{"type":"branch","line":90,"loc":{"start":{"line":90,"column":31},"end":{"line":90,"column":53}},"locations":[{"start":{"line":90,"column":31},"end":{"line":90,"column":53}}]},"23":{"type":"branch","line":90,"loc":{"start":{"line":90,"column":41},"end":{"line":90,"column":53}},"locations":[{"start":{"line":90,"column":41},"end":{"line":90,"column":53}}]},"24":{"type":"branch","line":90,"loc":{"start":{"line":90,"column":46},"end":{"line":90,"column":58}},"locations":[{"start":{"line":90,"column":46},"end":{"line":90,"column":58}}]}},"b":{"0":[4],"1":[2],"2":[2],"3":[7],"4":[0],"5":[5],"6":[2],"7":[0],"8":[1],"9":[6],"10":[1],"11":[5],"12":[0],"13":[5],"14":[26],"15":[7],"16":[25],"17":[6],"18":[6],"19":[7],"20":[5],"21":[2],"22":[2],"23":[0],"24":[0]},"fnMap":{"0":{"name":"signSamlElement","decl":{"start":{"line":22,"column":7},"end":{"line":42,"column":1}},"loc":{"start":{"line":22,"column":7},"end":{"line":42,"column":1}},"line":22},"1":{"name":"signAssertion","decl":{"start":{"line":44,"column":7},"end":{"line":46,"column":1}},"loc":{"start":{"line":44,"column":7},"end":{"line":46,"column":1}},"line":44},"2":{"name":"signResponse","decl":{"start":{"line":48,"column":7},"end":{"line":50,"column":1}},"loc":{"start":{"line":48,"column":7},"end":{"line":50,"column":1}},"line":48},"3":{"name":"repositionSignatureAfterIssuer","decl":{"start":{"line":57,"column":7},"end":{"line":85,"column":1}},"loc":{"start":{"line":57,"column":7},"end":{"line":85,"column":1}},"line":57},"4":{"name":"findFirstByLocalName","decl":{"start":{"line":87,"column":0},"end":{"line":91,"column":1}},"loc":{"start":{"line":87,"column":0},"end":{"line":91,"column":1}},"line":87}},"f":{"0":4,"1":2,"2":2,"3":7,"4":7}}
,"/Users/suren/workspace/curity/ps-work/internal-projects/saml-stuff/saml-web-client-diagnostic/server/unsolicited/types.ts": {"path":"/Users/suren/workspace/curity/ps-work/internal-projects/saml-stuff/saml-web-client-diagnostic/server/unsolicited/types.ts","all":true,"statementMap":{},"s":{},"branchMap":{"0":{"type":"branch","line":1,"loc":{"start":{"line":1,"column":1597},"end":{"line":67,"column":1}},"locations":[{"start":{"line":1,"column":1597},"end":{"line":67,"column":1}}]}},"b":{"0":[1]},"fnMap":{"0":{"name":"(empty-report)","decl":{"start":{"line":1,"column":1597},"end":{"line":67,"column":1}},"loc":{"start":{"line":1,"column":1597},"end":{"line":67,"column":1}},"line":1}},"f":{"0":1}}
,"/Users/suren/workspace/curity/ps-work/internal-projects/saml-stuff/saml-web-client-diagnostic/server/unsolicited/http/cookieJar.ts": {"path":"/Users/suren/workspace/curity/ps-work/internal-projects/saml-stuff/saml-web-client-diagnostic/server/unsolicited/http/cookieJar.ts","all":false,"statementMap":{"8":{"start":{"line":9,"column":0},"end":{"line":9,"column":24}},"9":{"start":{"line":10,"column":0},"end":{"line":10,"column":55}},"11":{"start":{"line":12,"column":0},"end":{"line":12,"column":72}},"12":{"start":{"line":13,"column":0},"end":{"line":13,"column":34}},"13":{"start":{"line":14,"column":0},"end":{"line":14,"column":88}},"14":{"start":{"line":15,"column":0},"end":{"line":15,"column":27}},"15":{"start":{"line":16,"column":0},"end":{"line":16,"column":37}},"16":{"start":{"line":17,"column":0},"end":{"line":17,"column":27}},"17":{"start":{"line":18,"column":0},"end":{"line":18,"column":36}},"18":{"start":{"line":19,"column":0},"end":{"line":19,"column":28}},"19":{"start":{"line":20,"column":0},"end":{"line":20,"column":45}},"20":{"start":{"line":21,"column":0},"end":{"line":21,"column":47}},"21":{"start":{"line":22,"column":0},"end":{"line":22,"column":59}},"22":{"start":{"line":23,"column":0},"end":{"line":23,"column":34}},"23":{"start":{"line":24,"column":0},"end":{"line":24,"column":14}},"24":{"start":{"line":25,"column":0},"end":{"line":25,"column":38}},"25":{"start":{"line":26,"column":0},"end":{"line":26,"column":7}},"26":{"start":{"line":27,"column":0},"end":{"line":27,"column":5}},"27":{"start":{"line":28,"column":0},"end":{"line":28,"column":3}},"29":{"start":{"line":30,"column":0},"end":{"line":30,"column":27}},"30":{"start":{"line":31,"column":0},"end":{"line":31,"column":45}},"31":{"start":{"line":32,"column":0},"end":{"line":32,"column":45}},"32":{"start":{"line":33,"column":0},"end":{"line":33,"column":35}},"33":{"start":{"line":34,"column":0},"end":{"line":34,"column":18}},"34":{"start":{"line":35,"column":0},"end":{"line":35,"column":3}},"35":{"start":{"line":36,"column":0},"end":{"line":36,"column":1}}},"s":{"8":1,"9":7,"11":7,"12":9,"13":9,"14":9,"15":8,"16":8,"17":8,"18":8,"19":7,"20":7,"21":8,"22":1,"23":8,"24":6,"25":6,"26":8,"27":9,"29":7,"30":7,"31":3,"32":3,"33":3,"34":7,"35":7},"branchMap":{"0":{"type":"branch","line":9,"loc":{"start":{"line":9,"column":23},"end":{"line":36,"column":1}},"locations":[{"start":{"line":9,"column":23},"end":{"line":36,"column":1}}]},"1":{"type":"branch","line":12,"loc":{"start":{"line":12,"column":2},"end":{"line":28,"column":3}},"locations":[{"start":{"line":12,"column":2},"end":{"line":28,"column":3}}]},"2":{"type":"branch","line":13,"loc":{"start":{"line":13,"column":27},"end":{"line":13,"column":34}},"locations":[{"start":{"line":13,"column":27},"end":{"line":13,"column":34}}]},"3":{"type":"branch","line":13,"loc":{"start":{"line":13,"column":27},"end":{"line":14,"column":50}},"locations":[{"start":{"line":13,"column":27},"end":{"line":14,"column":50}}]},"4":{"type":"branch","line":14,"loc":{"start":{"line":14,"column":46},"end":{"line":14,"column":69}},"locations":[{"start":{"line":14,"column":46},"end":{"line":14,"column":69}}]},"5":{"type":"branch","line":14,"loc":{"start":{"line":14,"column":50},"end":{"line":14,"column":88}},"locations":[{"start":{"line":14,"column":50},"end":{"line":14,"column":88}}]},"6":{"type":"branch","line":15,"loc":{"start":{"line":15,"column":26},"end":{"line":27,"column":5}},"locations":[{"start":{"line":15,"column":26},"end":{"line":27,"column":5}}]},"7":{"type":"branch","line":17,"loc":{"start":{"line":17,"column":18},"end":{"line":17,"column":27}},"locations":[{"start":{"line":17,"column":18},"end":{"line":17,"column":27}}]},"8":{"type":"branch","line":19,"loc":{"start":{"line":19,"column":19},"end":{"line":19,"column":28}},"locations":[{"start":{"line":19,"column":19},"end":{"line":19,"column":28}}]},"9":{"type":"branch","line":19,"loc":{"start":{"line":19,"column":19},"end":{"line":22,"column":44}},"locations":[{"start":{"line":19,"column":19},"end":{"line":22,"column":44}}]},"10":{"type":"branch","line":22,"loc":{"start":{"line":22,"column":39},"end":{"line":22,"column":58}},"locations":[{"start":{"line":22,"column":39},"end":{"line":22,"column":58}}]},"11":{"type":"branch","line":22,"loc":{"start":{"line":22,"column":58},"end":{"line":24,"column":13}},"locations":[{"start":{"line":22,"column":58},"end":{"line":24,"column":13}}]},"12":{"type":"branch","line":24,"loc":{"start":{"line":24,"column":6},"end":{"line":26,"column":7}},"locations":[{"start":{"line":24,"column":6},"end":{"line":26,"column":7}}]},"13":{"type":"branch","line":27,"loc":{"start":{"line":27,"column":4},"end":{"line":27,"column":5}},"locations":[{"start":{"line":27,"column":4},"end":{"line":27,"column":5}}]},"14":{"type":"branch","line":30,"loc":{"start":{"line":30,"column":2},"end":{"line":35,"column":3}},"locations":[{"start":{"line":30,"column":2},"end":{"line":35,"column":3}}]},"15":{"type":"branch","line":31,"loc":{"start":{"line":31,"column":33},"end":{"line":31,"column":45}},"locations":[{"start":{"line":31,"column":33},"end":{"line":31,"column":45}}]},"16":{"type":"branch","line":31,"loc":{"start":{"line":31,"column":40},"end":{"line":34,"column":18}},"locations":[{"start":{"line":31,"column":40},"end":{"line":34,"column":18}}]},"17":{"type":"branch","line":33,"loc":{"start":{"line":33,"column":11},"end":{"line":33,"column":34}},"locations":[{"start":{"line":33,"column":11},"end":{"line":33,"column":34}}]}},"b":{"0":[7],"1":[9],"2":[2],"3":[7],"4":[1],"5":[6],"6":[8],"7":[0],"8":[1],"9":[7],"10":[1],"11":[1],"12":[6],"13":[7],"14":[7],"15":[4],"16":[3],"17":[4]},"fnMap":{"0":{"name":"<instance_members_initializer>","decl":{"start":{"line":9,"column":23},"end":{"line":36,"column":1}},"loc":{"start":{"line":9,"column":23},"end":{"line":36,"column":1}},"line":9},"1":{"name":"absorb","decl":{"start":{"line":12,"column":2},"end":{"line":28,"column":3}},"loc":{"start":{"line":12,"column":2},"end":{"line":28,"column":3}},"line":12},"2":{"name":"header","decl":{"start":{"line":30,"column":2},"end":{"line":35,"column":3}},"loc":{"start":{"line":30,"column":2},"end":{"line":35,"column":3}},"line":30}},"f":{"0":7,"1":9,"2":7}}
,"/Users/suren/workspace/curity/ps-work/internal-projects/saml-stuff/saml-web-client-diagnostic/server/unsolicited/http/request.ts": {"path":"/Users/suren/workspace/curity/ps-work/internal-projects/saml-stuff/saml-web-client-diagnostic/server/unsolicited/http/request.ts","all":false,"statementMap":{"18":{"start":{"line":19,"column":0},"end":{"line":19,"column":90}},"19":{"start":{"line":20,"column":0},"end":{"line":20,"column":66}},"20":{"start":{"line":21,"column":0},"end":{"line":21,"column":35}},"22":{"start":{"line":23,"column":0},"end":{"line":23,"column":37}},"23":{"start":{"line":24,"column":0},"end":{"line":24,"column":21}},"24":{"start":{"line":25,"column":0},"end":{"line":25,"column":51}},"25":{"start":{"line":26,"column":0},"end":{"line":26,"column":3}},"27":{"start":{"line":28,"column":0},"end":{"line":28,"column":64}},"29":{"start":{"line":30,"column":0},"end":{"line":30,"column":59}},"30":{"start":{"line":31,"column":0},"end":{"line":31,"column":49}},"31":{"start":{"line":32,"column":0},"end":{"line":32,"column":20}},"32":{"start":{"line":33,"column":0},"end":{"line":33,"column":7}},"33":{"start":{"line":34,"column":0},"end":{"line":34,"column":33}},"34":{"start":{"line":35,"column":0},"end":{"line":35,"column":13}},"35":{"start":{"line":36,"column":0},"end":{"line":36,"column":79}},"36":{"start":{"line":37,"column":0},"end":{"line":37,"column":60}},"37":{"start":{"line":38,"column":0},"end":{"line":38,"column":3}},"39":{"start":{"line":40,"column":0},"end":{"line":40,"column":12}},"40":{"start":{"line":41,"column":0},"end":{"line":41,"column":49}},"41":{"start":{"line":42,"column":0},"end":{"line":42,"column":26}},"42":{"start":{"line":43,"column":0},"end":{"line":43,"column":3}},"43":{"start":{"line":44,"column":0},"end":{"line":44,"column":13}},"44":{"start":{"line":45,"column":0},"end":{"line":45,"column":1}},"46":{"start":{"line":47,"column":0},"end":{"line":47,"column":64}},"49":{"start":{"line":50,"column":0},"end":{"line":50,"column":76}},"50":{"start":{"line":51,"column":0},"end":{"line":51,"column":54}},"51":{"start":{"line":52,"column":0},"end":{"line":52,"column":37}},"52":{"start":{"line":53,"column":0},"end":{"line":53,"column":3}},"53":{"start":{"line":54,"column":0},"end":{"line":54,"column":80}},"54":{"start":{"line":55,"column":0},"end":{"line":55,"column":39}},"55":{"start":{"line":56,"column":0},"end":{"line":56,"column":1}}},"s":{"18":0,"19":0,"20":0,"22":0,"23":0,"24":0,"25":0,"27":0,"29":0,"30":0,"31":0,"32":0,"33":0,"34":0,"35":0,"36":0,"37":0,"39":0,"40":0,"41":0,"42":0,"43":0,"44":0,"46":0,"49":0,"50":0,"51":0,"52":0,"53":0,"54":0,"55":0},"branchMap":{},"b":{},"fnMap":{"0":{"name":"request","decl":{"start":{"line":19,"column":0},"end":{"line":45,"column":1}},"loc":{"start":{"line":19,"column":0},"end":{"line":45,"column":1}},"line":19},"1":{"name":"readSetCookie","decl":{"start":{"line":47,"column":0},"end":{"line":56,"column":1}},"loc":{"start":{"line":47,"column":0},"end":{"line":56,"column":1}},"line":47}},"f":{"0":0,"1":0}}
}
